2020-10-12 02:14:37.556  INFO 6656 --- [restartedMain] com.alvis.exam.ExamApplication           : Starting ExamApplication on LAPTOP-DA32CNEO with PID 6656 (E:\my_Repository\exam_final\target\classes started by 10983 in E:\my_Repository\exam_final)
2020-10-12 02:14:37.556  INFO 6656 --- [restartedMain] com.alvis.exam.ExamApplication           : The following profiles are active: dev
2020-10-12 02:14:37.619  INFO 6656 --- [restartedMain] .e.DevToolsPropertyDefaultsPostProcessor : Devtools property defaults active! Set 'spring.devtools.add-properties' to 'false' to disable
2020-10-12 02:14:37.619  INFO 6656 --- [restartedMain] .e.DevToolsPropertyDefaultsPostProcessor : For additional web related logging consider setting the 'logging.level.web' property to 'DEBUG'
2020-10-12 02:14:38.276  INFO 6656 --- [restartedMain] .s.d.r.c.RepositoryConfigurationDelegate : Multiple Spring Data modules found, entering strict repository configuration mode!
2020-10-12 02:14:38.276  INFO 6656 --- [restartedMain] .s.d.r.c.RepositoryConfigurationDelegate : Bootstrapping Spring Data repositories in DEFAULT mode.
2020-10-12 02:14:38.307  INFO 6656 --- [restartedMain] .s.d.r.c.RepositoryConfigurationDelegate : Finished Spring Data repository scanning in 31ms. Found 0 repository interfaces.
2020-10-12 02:14:38.620  INFO 6656 --- [restartedMain] trationDelegate$BeanPostProcessorChecker : Bean 'cacheConfig' of type [com.alvis.exam.configuration.spring.cache.CacheConfig$$EnhancerBySpringCGLIB$$a935f96f] is not eligible for getting processed by all BeanPostProcessors (for example: not eligible for auto-proxying)
2020-10-12 02:14:38.636  INFO 6656 --- [restartedMain] trationDelegate$BeanPostProcessorChecker : Bean 'org.springframework.transaction.annotation.ProxyTransactionManagementConfiguration' of type [org.springframework.transaction.annotation.ProxyTransactionManagementConfiguration$$EnhancerBySpringCGLIB$$411244b2] is not eligible for getting processed by all BeanPostProcessors (for example: not eligible for auto-proxying)
2020-10-12 02:14:38.870  WARN 6656 --- [restartedMain] io.undertow.websockets.jsr               : UT026010: Buffer pool was not set on WebSocketDeploymentInfo, the default pool will be used
2020-10-12 02:14:38.886  INFO 6656 --- [restartedMain] io.undertow.servlet                      : Initializing Spring embedded WebApplicationContext
2020-10-12 02:14:38.886  INFO 6656 --- [restartedMain] o.s.web.context.ContextLoader            : Root WebApplicationContext: initialization completed in 1267 ms
2020-10-12 02:14:39.989  INFO 6656 --- [restartedMain] o.s.s.web.DefaultSecurityFilterChain     : Creating filter chain: any request, [org.springframework.security.web.context.request.async.WebAsyncManagerIntegrationFilter@22fa2e2b, org.springframework.security.web.context.SecurityContextPersistenceFilter@71d08134, org.springframework.security.web.header.HeaderWriterFilter@18ce8557, org.springframework.web.filter.CorsFilter@2eb2b301, org.springframework.security.web.authentication.logout.LogoutFilter@8356c40, com.alvis.exam.configuration.spring.security.RestLoginAuthenticationFilter@7e69c750, org.springframework.security.web.authentication.UsernamePasswordAuthenticationFilter@355cf79, org.springframework.security.web.savedrequest.RequestCacheAwareFilter@3c2c945d, org.springframework.security.web.servletapi.SecurityContextHolderAwareRequestFilter@65149b04, org.springframework.security.web.authentication.rememberme.RememberMeAuthenticationFilter@26ce990f, org.springframework.security.web.authentication.AnonymousAuthenticationFilter@5720b77e, org.springframework.security.web.session.SessionManagementFilter@32059e8, org.springframework.security.web.access.ExceptionTranslationFilter@10e0254c, org.springframework.security.web.access.intercept.FilterSecurityInterceptor@257fa869]
2020-10-12 02:14:40.381  INFO 6656 --- [restartedMain] io.lettuce.core.EpollProvider            : Starting without optional epoll library
2020-10-12 02:14:40.381  INFO 6656 --- [restartedMain] io.lettuce.core.KqueueProvider           : Starting without optional kqueue library
2020-10-12 02:14:44.560  WARN 6656 --- [restartedMain] ConfigServletWebServerApplicationContext : Exception encountered during context initialization - cancelling refresh attempt: org.springframework.beans.factory.BeanCreationException: Error creating bean with name 'enableRedisKeyspaceNotificationsInitializer' defined in class path resource [org/springframework/boot/autoconfigure/session/RedisSessionConfiguration$SpringBootRedisHttpSessionConfiguration.class]: Invocation of init method failed; nested exception is org.springframework.data.redis.connection.PoolException: Could not get a resource from the pool; nested exception is io.lettuce.core.RedisConnectionException: Unable to connect to localhost:6379
2020-10-12 02:14:45.711  INFO 6656 --- [restartedMain] ConditionEvaluationReportLoggingListener : 

Error starting ApplicationContext. To display the conditions report re-run your application with 'debug' enabled.
2020-10-12 02:14:45.711 ERROR 6656 --- [restartedMain] o.s.boot.SpringApplication               : Application run failed

org.springframework.beans.factory.BeanCreationException: Error creating bean with name 'enableRedisKeyspaceNotificationsInitializer' defined in class path resource [org/springframework/boot/autoconfigure/session/RedisSessionConfiguration$SpringBootRedisHttpSessionConfiguration.class]: Invocation of init method failed; nested exception is org.springframework.data.redis.connection.PoolException: Could not get a resource from the pool; nested exception is io.lettuce.core.RedisConnectionException: Unable to connect to localhost:6379
	at org.springframework.beans.factory.support.AbstractAutowireCapableBeanFactory.initializeBean(AbstractAutowireCapableBeanFactory.java:1778)
	at org.springframework.beans.factory.support.AbstractAutowireCapableBeanFactory.doCreateBean(AbstractAutowireCapableBeanFactory.java:593)
	at org.springframework.beans.factory.support.AbstractAutowireCapableBeanFactory.createBean(AbstractAutowireCapableBeanFactory.java:515)
	at org.springframework.beans.factory.support.AbstractBeanFactory.lambda$doGetBean$0(AbstractBeanFactory.java:320)
	at org.springframework.beans.factory.support.DefaultSingletonBeanRegistry.getSingleton(DefaultSingletonBeanRegistry.java:222)
	at org.springframework.beans.factory.support.AbstractBeanFactory.doGetBean(AbstractBeanFactory.java:318)
	at org.springframework.beans.factory.support.AbstractBeanFactory.getBean(AbstractBeanFactory.java:199)
	at org.springframework.beans.factory.support.DefaultListableBeanFactory.preInstantiateSingletons(DefaultListableBeanFactory.java:845)
	at org.springframework.context.support.AbstractApplicationContext.finishBeanFactoryInitialization(AbstractApplicationContext.java:877)
	at org.springframework.context.support.AbstractApplicationContext.refresh(AbstractApplicationContext.java:549)
	at org.springframework.boot.web.servlet.context.ServletWebServerApplicationContext.refresh(ServletWebServerApplicationContext.java:140)
	at org.springframework.boot.SpringApplication.refresh(SpringApplication.java:742)
	at org.springframework.boot.SpringApplication.refreshContext(SpringApplication.java:389)
	at org.springframework.boot.SpringApplication.run(SpringApplication.java:311)
	at org.springframework.boot.SpringApplication.run(SpringApplication.java:1213)
	at org.springframework.boot.SpringApplication.run(SpringApplication.java:1202)
	at com.alvis.exam.ExamApplication.main(ExamApplication.java:20)
	at sun.reflect.NativeMethodAccessorImpl.invoke0(Native Method)
	at sun.reflect.NativeMethodAccessorImpl.invoke(NativeMethodAccessorImpl.java:62)
	at sun.reflect.DelegatingMethodAccessorImpl.invoke(DelegatingMethodAccessorImpl.java:43)
	at java.lang.reflect.Method.invoke(Method.java:498)
	at org.springframework.boot.devtools.restart.RestartLauncher.run(RestartLauncher.java:49)
Caused by: org.springframework.data.redis.connection.PoolException: Could not get a resource from the pool; nested exception is io.lettuce.core.RedisConnectionException: Unable to connect to localhost:6379
	at org.springframework.data.redis.connection.lettuce.LettucePoolingConnectionProvider.getConnection(LettucePoolingConnectionProvider.java:86)
	at org.springframework.data.redis.connection.lettuce.LettuceConnectionFactory$SharedConnection.getNativeConnection(LettuceConnectionFactory.java:1104)
	at org.springframework.data.redis.connection.lettuce.LettuceConnectionFactory$SharedConnection.getConnection(LettuceConnectionFactory.java:1085)
	at org.springframework.data.redis.connection.lettuce.LettuceConnectionFactory.getSharedConnection(LettuceConnectionFactory.java:866)
	at org.springframework.data.redis.connection.lettuce.LettuceConnectionFactory.getConnection(LettuceConnectionFactory.java:341)
	at org.springframework.session.data.redis.config.annotation.web.http.RedisHttpSessionConfiguration$EnableRedisKeyspaceNotificationsInitializer.afterPropertiesSet(RedisHttpSessionConfiguration.java:302)
	at org.springframework.beans.factory.support.AbstractAutowireCapableBeanFactory.invokeInitMethods(AbstractAutowireCapableBeanFactory.java:1837)
	at org.springframework.beans.factory.support.AbstractAutowireCapableBeanFactory.initializeBean(AbstractAutowireCapableBeanFactory.java:1774)
	... 21 common frames omitted
Caused by: io.lettuce.core.RedisConnectionException: Unable to connect to localhost:6379
	at io.lettuce.core.RedisConnectionException.create(RedisConnectionException.java:78)
	at io.lettuce.core.RedisConnectionException.create(RedisConnectionException.java:56)
	at io.lettuce.core.AbstractRedisClient.getConnection(AbstractRedisClient.java:235)
	at io.lettuce.core.RedisClient.connect(RedisClient.java:204)
	at org.springframework.data.redis.connection.lettuce.StandaloneConnectionProvider.lambda$getConnection$1(StandaloneConnectionProvider.java:113)
	at java.util.Optional.orElseGet(Optional.java:267)
	at org.springframework.data.redis.connection.lettuce.StandaloneConnectionProvider.getConnection(StandaloneConnectionProvider.java:113)
	at org.springframework.data.redis.connection.lettuce.LettucePoolingConnectionProvider.lambda$null$0(LettucePoolingConnectionProvider.java:74)
	at io.lettuce.core.support.ConnectionPoolSupport$RedisPooledObjectFactory.create(ConnectionPoolSupport.java:209)
	at io.lettuce.core.support.ConnectionPoolSupport$RedisPooledObjectFactory.create(ConnectionPoolSupport.java:199)
	at org.apache.commons.pool2.BasePooledObjectFactory.makeObject(BasePooledObjectFactory.java:58)
	at org.apache.commons.pool2.impl.GenericObjectPool.create(GenericObjectPool.java:874)
	at org.apache.commons.pool2.impl.GenericObjectPool.borrowObject(GenericObjectPool.java:417)
	at org.apache.commons.pool2.impl.GenericObjectPool.borrowObject(GenericObjectPool.java:346)
	at io.lettuce.core.support.ConnectionPoolSupport$1.borrowObject(ConnectionPoolSupport.java:122)
	at io.lettuce.core.support.ConnectionPoolSupport$1.borrowObject(ConnectionPoolSupport.java:117)
	at org.springframework.data.redis.connection.lettuce.LettucePoolingConnectionProvider.getConnection(LettucePoolingConnectionProvider.java:80)
	... 28 common frames omitted
Caused by: java.io.IOException: 远程主机强迫关闭了一个现有的连接。
	at sun.nio.ch.SocketDispatcher.read0(Native Method)
	at sun.nio.ch.SocketDispatcher.read(SocketDispatcher.java:43)
	at sun.nio.ch.IOUtil.readIntoNativeBuffer(IOUtil.java:223)
	at sun.nio.ch.IOUtil.read(IOUtil.java:192)
	at sun.nio.ch.SocketChannelImpl.read(SocketChannelImpl.java:380)
	at io.netty.buffer.PooledUnsafeDirectByteBuf.setBytes(PooledUnsafeDirectByteBuf.java:288)
	at io.netty.buffer.AbstractByteBuf.writeBytes(AbstractByteBuf.java:1125)
	at io.netty.channel.socket.nio.NioSocketChannel.doReadBytes(NioSocketChannel.java:347)
	at io.netty.channel.nio.AbstractNioByteChannel$NioByteUnsafe.read(AbstractNioByteChannel.java:148)
	at io.netty.channel.nio.NioEventLoop.processSelectedKey(NioEventLoop.java:682)
	at io.netty.channel.nio.NioEventLoop.processSelectedKeysOptimized(NioEventLoop.java:617)
	at io.netty.channel.nio.NioEventLoop.processSelectedKeys(NioEventLoop.java:534)
	at io.netty.channel.nio.NioEventLoop.run(NioEventLoop.java:496)
	at io.netty.util.concurrent.SingleThreadEventExecutor$5.run(SingleThreadEventExecutor.java:906)
	at io.netty.util.internal.ThreadExecutorMap$2.run(ThreadExecutorMap.java:74)
	at io.netty.util.concurrent.FastThreadLocalRunnable.run(FastThreadLocalRunnable.java:30)
	at java.lang.Thread.run(Thread.java:748)

2020-10-12 02:17:57.459  INFO 16136 --- [restartedMain] com.alvis.exam.ExamApplication           : Starting ExamApplication on LAPTOP-DA32CNEO with PID 16136 (E:\my_Repository\exam_final\target\classes started by 10983 in E:\my_Repository\exam_final)
2020-10-12 02:17:57.461  INFO 16136 --- [restartedMain] com.alvis.exam.ExamApplication           : The following profiles are active: dev
2020-10-12 02:17:57.540  INFO 16136 --- [restartedMain] .e.DevToolsPropertyDefaultsPostProcessor : Devtools property defaults active! Set 'spring.devtools.add-properties' to 'false' to disable
2020-10-12 02:17:57.541  INFO 16136 --- [restartedMain] .e.DevToolsPropertyDefaultsPostProcessor : For additional web related logging consider setting the 'logging.level.web' property to 'DEBUG'
2020-10-12 02:17:58.201  INFO 16136 --- [restartedMain] .s.d.r.c.RepositoryConfigurationDelegate : Multiple Spring Data modules found, entering strict repository configuration mode!
2020-10-12 02:17:58.204  INFO 16136 --- [restartedMain] .s.d.r.c.RepositoryConfigurationDelegate : Bootstrapping Spring Data repositories in DEFAULT mode.
2020-10-12 02:17:58.246  INFO 16136 --- [restartedMain] .s.d.r.c.RepositoryConfigurationDelegate : Finished Spring Data repository scanning in 32ms. Found 0 repository interfaces.
2020-10-12 02:17:58.573  INFO 16136 --- [restartedMain] trationDelegate$BeanPostProcessorChecker : Bean 'cacheConfig' of type [com.alvis.exam.configuration.spring.cache.CacheConfig$$EnhancerBySpringCGLIB$$88a0f544] is not eligible for getting processed by all BeanPostProcessors (for example: not eligible for auto-proxying)
2020-10-12 02:17:58.579  INFO 16136 --- [restartedMain] trationDelegate$BeanPostProcessorChecker : Bean 'org.springframework.transaction.annotation.ProxyTransactionManagementConfiguration' of type [org.springframework.transaction.annotation.ProxyTransactionManagementConfiguration$$EnhancerBySpringCGLIB$$207d4087] is not eligible for getting processed by all BeanPostProcessors (for example: not eligible for auto-proxying)
2020-10-12 02:17:58.829  WARN 16136 --- [restartedMain] io.undertow.websockets.jsr               : UT026010: Buffer pool was not set on WebSocketDeploymentInfo, the default pool will be used
2020-10-12 02:17:58.844  INFO 16136 --- [restartedMain] io.undertow.servlet                      : Initializing Spring embedded WebApplicationContext
2020-10-12 02:17:58.845  INFO 16136 --- [restartedMain] o.s.web.context.ContextLoader            : Root WebApplicationContext: initialization completed in 1304 ms
2020-10-12 02:17:59.894  INFO 16136 --- [restartedMain] o.s.s.web.DefaultSecurityFilterChain     : Creating filter chain: any request, [org.springframework.security.web.context.request.async.WebAsyncManagerIntegrationFilter@7e986c09, org.springframework.security.web.context.SecurityContextPersistenceFilter@1d029a41, org.springframework.security.web.header.HeaderWriterFilter@1fc5339f, org.springframework.web.filter.CorsFilter@79d86cce, org.springframework.security.web.authentication.logout.LogoutFilter@1619779d, com.alvis.exam.configuration.spring.security.RestLoginAuthenticationFilter@4e5bd7b, org.springframework.security.web.authentication.UsernamePasswordAuthenticationFilter@26918892, org.springframework.security.web.savedrequest.RequestCacheAwareFilter@31593aec, org.springframework.security.web.servletapi.SecurityContextHolderAwareRequestFilter@711055f9, org.springframework.security.web.authentication.rememberme.RememberMeAuthenticationFilter@6be9e758, org.springframework.security.web.authentication.AnonymousAuthenticationFilter@65d93bd3, org.springframework.security.web.session.SessionManagementFilter@5978ac1c, org.springframework.security.web.access.ExceptionTranslationFilter@73d38087, org.springframework.security.web.access.intercept.FilterSecurityInterceptor@23ac3487]
2020-10-12 02:18:00.272  INFO 16136 --- [restartedMain] io.lettuce.core.EpollProvider            : Starting without optional epoll library
2020-10-12 02:18:00.273  INFO 16136 --- [restartedMain] io.lettuce.core.KqueueProvider           : Starting without optional kqueue library
2020-10-12 02:18:00.649  INFO 16136 --- [restartedMain] o.s.b.d.a.OptionalLiveReloadServer       : LiveReload server is running on port 35729
2020-10-12 02:18:01.232  INFO 16136 --- [restartedMain] s.a.ScheduledAnnotationBeanPostProcessor : No TaskScheduler/ScheduledExecutorService bean found for scheduled processing
2020-10-12 02:18:01.250  INFO 16136 --- [restartedMain] org.xnio                                 : XNIO version 3.3.8.Final
2020-10-12 02:18:01.257  INFO 16136 --- [restartedMain] org.xnio.nio                             : XNIO NIO Implementation Version 3.3.8.Final
2020-10-12 02:18:01.319  INFO 16136 --- [restartedMain] o.s.b.w.e.u.UndertowServletWebServer     : Undertow started on port(s) 8000 (http) with context path ''
2020-10-12 02:18:01.322  INFO 16136 --- [restartedMain] com.alvis.exam.ExamApplication           : Started ExamApplication in 4.21 seconds (JVM running for 4.906)
2020-10-12 02:20:51.445  INFO 16136 --- [XNIO-1 task-1] io.undertow.servlet                      : Initializing Spring DispatcherServlet 'dispatcherServlet'
2020-10-12 02:20:51.445  INFO 16136 --- [XNIO-1 task-1] o.s.web.servlet.DispatcherServlet        : Initializing Servlet 'dispatcherServlet'
2020-10-12 02:20:51.456  INFO 16136 --- [XNIO-1 task-1] o.s.web.servlet.DispatcherServlet        : Completed initialization in 11 ms
2020-10-12 02:20:56.749  INFO 16136 --- [XNIO-1 task-53] com.zaxxer.hikari.HikariDataSource       : HikariPool-1 - Starting...
2020-10-12 02:20:56.848  INFO 16136 --- [XNIO-1 task-53] com.zaxxer.hikari.HikariDataSource       : HikariPool-1 - Start completed.
2020-10-12 02:20:56.853 DEBUG 16136 --- [XNIO-1 task-53] r.c.a.e.r.UserMapper.getUserByUserName   : ==>  Preparing: select id, user_uuid, user_name, password, real_name, age, sex, birth_day, user_level, phone, role, status, image_path, create_time, modify_time, last_active_time, deleted, wx_open_id from t_user where deleted=0 and user_name=? limit 1 
2020-10-12 02:20:56.870 DEBUG 16136 --- [XNIO-1 task-53] r.c.a.e.r.UserMapper.getUserByUserName   : ==> Parameters: admin(String)
2020-10-12 02:20:56.904 DEBUG 16136 --- [XNIO-1 task-53] r.c.a.e.r.UserMapper.getUserByUserName   : <==      Total: 1
2020-10-12 02:20:57.167 DEBUG 16136 --- [XNIO-1 task-53] r.c.a.e.r.U.insertSelective              : ==>  Preparing: insert into t_user_event_log ( user_id, user_name, real_name, content, create_time ) values ( ?, ?, ?, ?, ? ) 
2020-10-12 02:20:57.169 DEBUG 16136 --- [XNIO-1 task-53] r.c.a.e.r.U.insertSelective              : ==> Parameters: 2(Integer), admin(String), 管理员(String), admin 登录了学之思考试系统(String), 2020-10-12 02:20:57.151(Timestamp)
2020-10-12 02:20:57.179 DEBUG 16136 --- [XNIO-1 task-53] r.c.a.e.r.U.insertSelective              : <==    Updates: 1
2020-10-12 02:20:57.347 DEBUG 16136 --- [XNIO-1 task-56] r.c.a.e.r.E.selectAllCount               : ==>  Preparing: SELECT count(*) from t_exam_paper where deleted=0 
2020-10-12 02:20:57.348 DEBUG 16136 --- [XNIO-1 task-56] r.c.a.e.r.E.selectAllCount               : ==> Parameters: 
2020-10-12 02:20:57.353 DEBUG 16136 --- [XNIO-1 task-56] r.c.a.e.r.E.selectAllCount               : <==      Total: 1
2020-10-12 02:20:57.354 DEBUG 16136 --- [XNIO-1 task-56] r.c.a.e.r.QuestionMapper.selectAllCount  : ==>  Preparing: SELECT count(*) from t_question where deleted=0 
2020-10-12 02:20:57.354 DEBUG 16136 --- [XNIO-1 task-56] r.c.a.e.r.QuestionMapper.selectAllCount  : ==> Parameters: 
2020-10-12 02:20:57.358 DEBUG 16136 --- [XNIO-1 task-56] r.c.a.e.r.QuestionMapper.selectAllCount  : <==      Total: 1
2020-10-12 02:20:57.359 DEBUG 16136 --- [XNIO-1 task-56] r.c.a.e.r.E.selectAllCount               : ==>  Preparing: SELECT count(*) from t_exam_paper_answer 
2020-10-12 02:20:57.359 DEBUG 16136 --- [XNIO-1 task-56] r.c.a.e.r.E.selectAllCount               : ==> Parameters: 
2020-10-12 02:20:57.365 DEBUG 16136 --- [XNIO-1 task-56] r.c.a.e.r.E.selectAllCount               : <==      Total: 1
2020-10-12 02:20:57.365 DEBUG 16136 --- [XNIO-1 task-56] r.c.a.e.r.E.selectAllCount               : ==>  Preparing: SELECT count(*) from t_exam_paper_question_customer_answer 
2020-10-12 02:20:57.366 DEBUG 16136 --- [XNIO-1 task-56] r.c.a.e.r.E.selectAllCount               : ==> Parameters: 
2020-10-12 02:20:57.371 DEBUG 16136 --- [XNIO-1 task-56] r.c.a.e.r.E.selectAllCount               : <==      Total: 1
2020-10-12 02:20:57.375 DEBUG 16136 --- [XNIO-1 task-56] r.c.a.e.r.U.selectCountByDate            : ==>  Preparing: SELECT create_time as name,COUNT(create_time) as value from ( SELECT DATE_FORMAT(create_time,'%Y-%m-%d') as create_time from t_user_event_log WHERE create_time between ? and ? ) a GROUP BY create_time 
2020-10-12 02:20:57.375 DEBUG 16136 --- [XNIO-1 task-56] r.c.a.e.r.U.selectCountByDate            : ==> Parameters: 2020-10-01 00:00:00.0(Timestamp), 2020-10-31 23:59:59.0(Timestamp)
2020-10-12 02:20:57.378 DEBUG 16136 --- [XNIO-1 task-56] r.c.a.e.r.U.selectCountByDate            : <==      Total: 1
2020-10-12 02:20:57.381 DEBUG 16136 --- [XNIO-1 task-56] r.c.a.e.r.E.selectCountByDate            : ==>  Preparing: SELECT create_time as name,COUNT(create_time) as value from ( SELECT DATE_FORMAT(create_time,'%Y-%m-%d') as create_time from t_exam_paper_question_customer_answer WHERE create_time between ? and ? ) a GROUP BY create_time 
2020-10-12 02:20:57.381 DEBUG 16136 --- [XNIO-1 task-56] r.c.a.e.r.E.selectCountByDate            : ==> Parameters: 2020-10-01 00:00:00.0(Timestamp), 2020-10-31 23:59:59.0(Timestamp)
2020-10-12 02:20:57.382 DEBUG 16136 --- [XNIO-1 task-56] r.c.a.e.r.E.selectCountByDate            : <==      Total: 0
2020-10-12 02:21:02.778 DEBUG 16136 --- [XNIO-1 task-57] r.c.a.e.r.SubjectMapper.allSubject       : ==>  Preparing: select id, name, level, level_name, item_order, deleted from t_subject WHERE deleted=0 
2020-10-12 02:21:02.778 DEBUG 16136 --- [XNIO-1 task-57] r.c.a.e.r.SubjectMapper.allSubject       : ==> Parameters: 
2020-10-12 02:21:02.782 DEBUG 16136 --- [XNIO-1 task-57] r.c.a.e.r.SubjectMapper.allSubject       : <==      Total: 1
2020-10-12 02:21:02.825 DEBUG 16136 --- [XNIO-1 task-58] r.c.a.e.r.ExamPaperMapper.page_COUNT     : ==>  Preparing: SELECT count(0) FROM t_exam_paper WHERE deleted = 0 
2020-10-12 02:21:02.826 DEBUG 16136 --- [XNIO-1 task-58] r.c.a.e.r.ExamPaperMapper.page_COUNT     : ==> Parameters: 
2020-10-12 02:21:02.827 DEBUG 16136 --- [XNIO-1 task-58] r.c.a.e.r.ExamPaperMapper.page_COUNT     : <==      Total: 1
2020-10-12 02:21:02.830 DEBUG 16136 --- [XNIO-1 task-58] r.c.a.e.repository.ExamPaperMapper.page  : ==>  Preparing: SELECT id, name, subject_id, paper_type, grade_level, score, question_count, suggest_time, limit_start_time, limit_end_time, frame_text_content_id, create_user, create_time, deleted, task_exam_id FROM t_exam_paper WHERE deleted = 0 order by id desc LIMIT ? 
2020-10-12 02:21:02.831 DEBUG 16136 --- [XNIO-1 task-58] r.c.a.e.repository.ExamPaperMapper.page  : ==> Parameters: 10(Integer)
2020-10-12 02:21:02.835 DEBUG 16136 --- [XNIO-1 task-58] r.c.a.e.repository.ExamPaperMapper.page  : <==      Total: 9
2020-10-12 02:21:05.028 DEBUG 16136 --- [XNIO-1 task-59] r.c.a.e.r.SubjectMapper.allSubject       : ==>  Preparing: select id, name, level, level_name, item_order, deleted from t_subject WHERE deleted=0 
2020-10-12 02:21:05.028 DEBUG 16136 --- [XNIO-1 task-59] r.c.a.e.r.SubjectMapper.allSubject       : ==> Parameters: 
2020-10-12 02:21:05.029 DEBUG 16136 --- [XNIO-1 task-59] r.c.a.e.r.SubjectMapper.allSubject       : <==      Total: 1
2020-10-12 03:10:32.980  WARN 16136 --- [HikariPool-1 housekeeper] com.zaxxer.hikari.pool.HikariPool        : HikariPool-1 - Thread starvation or clock leap detected (housekeeper delta=6m5s746ms568µs900ns).
2020-10-12 03:25:20.762  WARN 16136 --- [HikariPool-1 housekeeper] com.zaxxer.hikari.pool.HikariPool        : HikariPool-1 - Thread starvation or clock leap detected (housekeeper delta=4m47s509ms371µs600ns).
