2020-08-30 21:05:56.173  INFO 9432 --- [restartedMain] com.alvis.exam.ExamApplication           : Starting ExamApplication on LAPTOP-DA32CNEO with PID 9432 (E:\uexam_project\uexam\source\exam\source\exam\target\classes started by 10983 in E:\uexam_project\uexam\source\exam\source\exam)
2020-08-30 21:05:56.175  INFO 9432 --- [restartedMain] com.alvis.exam.ExamApplication           : The following profiles are active: dev
2020-08-30 21:05:56.247  INFO 9432 --- [restartedMain] .e.DevToolsPropertyDefaultsPostProcessor : Devtools property defaults active! Set 'spring.devtools.add-properties' to 'false' to disable
2020-08-30 21:05:56.247  INFO 9432 --- [restartedMain] .e.DevToolsPropertyDefaultsPostProcessor : For additional web related logging consider setting the 'logging.level.web' property to 'DEBUG'
2020-08-30 21:05:56.965  INFO 9432 --- [restartedMain] .s.d.r.c.RepositoryConfigurationDelegate : Multiple Spring Data modules found, entering strict repository configuration mode!
2020-08-30 21:05:56.967  INFO 9432 --- [restartedMain] .s.d.r.c.RepositoryConfigurationDelegate : Bootstrapping Spring Data repositories in DEFAULT mode.
2020-08-30 21:05:57.014  INFO 9432 --- [restartedMain] .s.d.r.c.RepositoryConfigurationDelegate : Finished Spring Data repository scanning in 35ms. Found 0 repository interfaces.
2020-08-30 21:05:57.379  INFO 9432 --- [restartedMain] trationDelegate$BeanPostProcessorChecker : Bean 'cacheConfig' of type [com.alvis.exam.configuration.spring.cache.CacheConfig$$EnhancerBySpringCGLIB$$dd230a8e] is not eligible for getting processed by all BeanPostProcessors (for example: not eligible for auto-proxying)
2020-08-30 21:05:57.386  INFO 9432 --- [restartedMain] trationDelegate$BeanPostProcessorChecker : Bean 'org.springframework.transaction.annotation.ProxyTransactionManagementConfiguration' of type [org.springframework.transaction.annotation.ProxyTransactionManagementConfiguration$$EnhancerBySpringCGLIB$$74ff55d1] is not eligible for getting processed by all BeanPostProcessors (for example: not eligible for auto-proxying)
2020-08-30 21:05:57.642  WARN 9432 --- [restartedMain] io.undertow.websockets.jsr               : UT026010: Buffer pool was not set on WebSocketDeploymentInfo, the default pool will be used
2020-08-30 21:05:57.662  INFO 9432 --- [restartedMain] io.undertow.servlet                      : Initializing Spring embedded WebApplicationContext
2020-08-30 21:05:57.662  INFO 9432 --- [restartedMain] o.s.web.context.ContextLoader            : Root WebApplicationContext: initialization completed in 1414 ms
2020-08-30 21:05:58.827  INFO 9432 --- [restartedMain] o.s.s.web.DefaultSecurityFilterChain     : Creating filter chain: any request, [org.springframework.security.web.context.request.async.WebAsyncManagerIntegrationFilter@64a15085, org.springframework.security.web.context.SecurityContextPersistenceFilter@c9007cd, org.springframework.security.web.header.HeaderWriterFilter@527e3fb, org.springframework.web.filter.CorsFilter@1fa9a122, org.springframework.security.web.authentication.logout.LogoutFilter@1e23b27d, com.alvis.exam.configuration.spring.security.RestLoginAuthenticationFilter@46da338b, org.springframework.security.web.authentication.UsernamePasswordAuthenticationFilter@102574aa, org.springframework.security.web.savedrequest.RequestCacheAwareFilter@38de5ed7, org.springframework.security.web.servletapi.SecurityContextHolderAwareRequestFilter@b7cb65d, org.springframework.security.web.authentication.rememberme.RememberMeAuthenticationFilter@44e1dc23, org.springframework.security.web.authentication.AnonymousAuthenticationFilter@78984fbe, org.springframework.security.web.session.SessionManagementFilter@10dafd5d, org.springframework.security.web.access.ExceptionTranslationFilter@12600f1, org.springframework.security.web.access.intercept.FilterSecurityInterceptor@4ad2f57c]
2020-08-30 21:05:59.196  INFO 9432 --- [restartedMain] io.lettuce.core.EpollProvider            : Starting without optional epoll library
2020-08-30 21:05:59.198  INFO 9432 --- [restartedMain] io.lettuce.core.KqueueProvider           : Starting without optional kqueue library
2020-08-30 21:06:01.512  WARN 9432 --- [restartedMain] ConfigServletWebServerApplicationContext : Exception encountered during context initialization - cancelling refresh attempt: org.springframework.beans.factory.BeanCreationException: Error creating bean with name 'enableRedisKeyspaceNotificationsInitializer' defined in class path resource [org/springframework/boot/autoconfigure/session/RedisSessionConfiguration$SpringBootRedisHttpSessionConfiguration.class]: Invocation of init method failed; nested exception is org.springframework.data.redis.connection.PoolException: Could not get a resource from the pool; nested exception is io.lettuce.core.RedisConnectionException: Unable to connect to localhost:6379
2020-08-30 21:06:02.643  INFO 9432 --- [restartedMain] ConditionEvaluationReportLoggingListener : 

Error starting ApplicationContext. To display the conditions report re-run your application with 'debug' enabled.
2020-08-30 21:06:02.651 ERROR 9432 --- [restartedMain] o.s.boot.SpringApplication               : Application run failed

org.springframework.beans.factory.BeanCreationException: Error creating bean with name 'enableRedisKeyspaceNotificationsInitializer' defined in class path resource [org/springframework/boot/autoconfigure/session/RedisSessionConfiguration$SpringBootRedisHttpSessionConfiguration.class]: Invocation of init method failed; nested exception is org.springframework.data.redis.connection.PoolException: Could not get a resource from the pool; nested exception is io.lettuce.core.RedisConnectionException: Unable to connect to localhost:6379
	at org.springframework.beans.factory.support.AbstractAutowireCapableBeanFactory.initializeBean(AbstractAutowireCapableBeanFactory.java:1778)
	at org.springframework.beans.factory.support.AbstractAutowireCapableBeanFactory.doCreateBean(AbstractAutowireCapableBeanFactory.java:593)
	at org.springframework.beans.factory.support.AbstractAutowireCapableBeanFactory.createBean(AbstractAutowireCapableBeanFactory.java:515)
	at org.springframework.beans.factory.support.AbstractBeanFactory.lambda$doGetBean$0(AbstractBeanFactory.java:320)
	at org.springframework.beans.factory.support.DefaultSingletonBeanRegistry.getSingleton(DefaultSingletonBeanRegistry.java:222)
	at org.springframework.beans.factory.support.AbstractBeanFactory.doGetBean(AbstractBeanFactory.java:318)
	at org.springframework.beans.factory.support.AbstractBeanFactory.getBean(AbstractBeanFactory.java:199)
	at org.springframework.beans.factory.support.DefaultListableBeanFactory.preInstantiateSingletons(DefaultListableBeanFactory.java:845)
	at org.springframework.context.support.AbstractApplicationContext.finishBeanFactoryInitialization(AbstractApplicationContext.java:877)
	at org.springframework.context.support.AbstractApplicationContext.refresh(AbstractApplicationContext.java:549)
	at org.springframework.boot.web.servlet.context.ServletWebServerApplicationContext.refresh(ServletWebServerApplicationContext.java:140)
	at org.springframework.boot.SpringApplication.refresh(SpringApplication.java:742)
	at org.springframework.boot.SpringApplication.refreshContext(SpringApplication.java:389)
	at org.springframework.boot.SpringApplication.run(SpringApplication.java:311)
	at org.springframework.boot.SpringApplication.run(SpringApplication.java:1213)
	at org.springframework.boot.SpringApplication.run(SpringApplication.java:1202)
	at com.alvis.exam.ExamApplication.main(ExamApplication.java:20)
	at sun.reflect.NativeMethodAccessorImpl.invoke0(Native Method)
	at sun.reflect.NativeMethodAccessorImpl.invoke(NativeMethodAccessorImpl.java:62)
	at sun.reflect.DelegatingMethodAccessorImpl.invoke(DelegatingMethodAccessorImpl.java:43)
	at java.lang.reflect.Method.invoke(Method.java:498)
	at org.springframework.boot.devtools.restart.RestartLauncher.run(RestartLauncher.java:49)
Caused by: org.springframework.data.redis.connection.PoolException: Could not get a resource from the pool; nested exception is io.lettuce.core.RedisConnectionException: Unable to connect to localhost:6379
	at org.springframework.data.redis.connection.lettuce.LettucePoolingConnectionProvider.getConnection(LettucePoolingConnectionProvider.java:86)
	at org.springframework.data.redis.connection.lettuce.LettuceConnectionFactory$SharedConnection.getNativeConnection(LettuceConnectionFactory.java:1104)
	at org.springframework.data.redis.connection.lettuce.LettuceConnectionFactory$SharedConnection.getConnection(LettuceConnectionFactory.java:1085)
	at org.springframework.data.redis.connection.lettuce.LettuceConnectionFactory.getSharedConnection(LettuceConnectionFactory.java:866)
	at org.springframework.data.redis.connection.lettuce.LettuceConnectionFactory.getConnection(LettuceConnectionFactory.java:341)
	at org.springframework.session.data.redis.config.annotation.web.http.RedisHttpSessionConfiguration$EnableRedisKeyspaceNotificationsInitializer.afterPropertiesSet(RedisHttpSessionConfiguration.java:302)
	at org.springframework.beans.factory.support.AbstractAutowireCapableBeanFactory.invokeInitMethods(AbstractAutowireCapableBeanFactory.java:1837)
	at org.springframework.beans.factory.support.AbstractAutowireCapableBeanFactory.initializeBean(AbstractAutowireCapableBeanFactory.java:1774)
	... 21 common frames omitted
Caused by: io.lettuce.core.RedisConnectionException: Unable to connect to localhost:6379
	at io.lettuce.core.RedisConnectionException.create(RedisConnectionException.java:78)
	at io.lettuce.core.RedisConnectionException.create(RedisConnectionException.java:56)
	at io.lettuce.core.AbstractRedisClient.getConnection(AbstractRedisClient.java:235)
	at io.lettuce.core.RedisClient.connect(RedisClient.java:204)
	at org.springframework.data.redis.connection.lettuce.StandaloneConnectionProvider.lambda$getConnection$1(StandaloneConnectionProvider.java:113)
	at java.util.Optional.orElseGet(Optional.java:267)
	at org.springframework.data.redis.connection.lettuce.StandaloneConnectionProvider.getConnection(StandaloneConnectionProvider.java:113)
	at org.springframework.data.redis.connection.lettuce.LettucePoolingConnectionProvider.lambda$null$0(LettucePoolingConnectionProvider.java:74)
	at io.lettuce.core.support.ConnectionPoolSupport$RedisPooledObjectFactory.create(ConnectionPoolSupport.java:209)
	at io.lettuce.core.support.ConnectionPoolSupport$RedisPooledObjectFactory.create(ConnectionPoolSupport.java:199)
	at org.apache.commons.pool2.BasePooledObjectFactory.makeObject(BasePooledObjectFactory.java:58)
	at org.apache.commons.pool2.impl.GenericObjectPool.create(GenericObjectPool.java:874)
	at org.apache.commons.pool2.impl.GenericObjectPool.borrowObject(GenericObjectPool.java:417)
	at org.apache.commons.pool2.impl.GenericObjectPool.borrowObject(GenericObjectPool.java:346)
	at io.lettuce.core.support.ConnectionPoolSupport$1.borrowObject(ConnectionPoolSupport.java:122)
	at io.lettuce.core.support.ConnectionPoolSupport$1.borrowObject(ConnectionPoolSupport.java:117)
	at org.springframework.data.redis.connection.lettuce.LettucePoolingConnectionProvider.getConnection(LettucePoolingConnectionProvider.java:80)
	... 28 common frames omitted
Caused by: io.netty.channel.AbstractChannel$AnnotatedConnectException: Connection refused: no further information: localhost/127.0.0.1:6379
	at sun.nio.ch.SocketChannelImpl.checkConnect(Native Method)
	at sun.nio.ch.SocketChannelImpl.finishConnect(SocketChannelImpl.java:717)
	at io.netty.channel.socket.nio.NioSocketChannel.doFinishConnect(NioSocketChannel.java:327)
	at io.netty.channel.nio.AbstractNioChannel$AbstractNioUnsafe.finishConnect(AbstractNioChannel.java:340)
	at io.netty.channel.nio.NioEventLoop.processSelectedKey(NioEventLoop.java:670)
	at io.netty.channel.nio.NioEventLoop.processSelectedKeysOptimized(NioEventLoop.java:617)
	at io.netty.channel.nio.NioEventLoop.processSelectedKeys(NioEventLoop.java:534)
	at io.netty.channel.nio.NioEventLoop.run(NioEventLoop.java:496)
	at io.netty.util.concurrent.SingleThreadEventExecutor$5.run(SingleThreadEventExecutor.java:906)
	at io.netty.util.internal.ThreadExecutorMap$2.run(ThreadExecutorMap.java:74)
	at io.netty.util.concurrent.FastThreadLocalRunnable.run(FastThreadLocalRunnable.java:30)
	at java.lang.Thread.run(Thread.java:748)
Caused by: java.net.ConnectException: Connection refused: no further information
	... 12 common frames omitted

2020-08-30 21:08:13.635  INFO 4232 --- [restartedMain] com.alvis.exam.ExamApplication           : Starting ExamApplication on LAPTOP-DA32CNEO with PID 4232 (E:\uexam_project\uexam\source\exam\source\exam\target\classes started by 10983 in E:\uexam_project\uexam\source\exam\source\exam)
2020-08-30 21:08:13.637  INFO 4232 --- [restartedMain] com.alvis.exam.ExamApplication           : The following profiles are active: dev
2020-08-30 21:08:13.699  INFO 4232 --- [restartedMain] .e.DevToolsPropertyDefaultsPostProcessor : Devtools property defaults active! Set 'spring.devtools.add-properties' to 'false' to disable
2020-08-30 21:08:13.699  INFO 4232 --- [restartedMain] .e.DevToolsPropertyDefaultsPostProcessor : For additional web related logging consider setting the 'logging.level.web' property to 'DEBUG'
2020-08-30 21:08:14.356  INFO 4232 --- [restartedMain] .s.d.r.c.RepositoryConfigurationDelegate : Multiple Spring Data modules found, entering strict repository configuration mode!
2020-08-30 21:08:14.358  INFO 4232 --- [restartedMain] .s.d.r.c.RepositoryConfigurationDelegate : Bootstrapping Spring Data repositories in DEFAULT mode.
2020-08-30 21:08:14.402  INFO 4232 --- [restartedMain] .s.d.r.c.RepositoryConfigurationDelegate : Finished Spring Data repository scanning in 35ms. Found 0 repository interfaces.
2020-08-30 21:08:14.735  INFO 4232 --- [restartedMain] trationDelegate$BeanPostProcessorChecker : Bean 'cacheConfig' of type [com.alvis.exam.configuration.spring.cache.CacheConfig$$EnhancerBySpringCGLIB$$1e13a208] is not eligible for getting processed by all BeanPostProcessors (for example: not eligible for auto-proxying)
2020-08-30 21:08:14.741  INFO 4232 --- [restartedMain] trationDelegate$BeanPostProcessorChecker : Bean 'org.springframework.transaction.annotation.ProxyTransactionManagementConfiguration' of type [org.springframework.transaction.annotation.ProxyTransactionManagementConfiguration$$EnhancerBySpringCGLIB$$b5efed4b] is not eligible for getting processed by all BeanPostProcessors (for example: not eligible for auto-proxying)
2020-08-30 21:08:14.987  WARN 4232 --- [restartedMain] io.undertow.websockets.jsr               : UT026010: Buffer pool was not set on WebSocketDeploymentInfo, the default pool will be used
2020-08-30 21:08:15.003  INFO 4232 --- [restartedMain] io.undertow.servlet                      : Initializing Spring embedded WebApplicationContext
2020-08-30 21:08:15.003  INFO 4232 --- [restartedMain] o.s.web.context.ContextLoader            : Root WebApplicationContext: initialization completed in 1304 ms
2020-08-30 21:08:16.032  INFO 4232 --- [restartedMain] o.s.s.web.DefaultSecurityFilterChain     : Creating filter chain: any request, [org.springframework.security.web.context.request.async.WebAsyncManagerIntegrationFilter@c9007cd, org.springframework.security.web.context.SecurityContextPersistenceFilter@35439d42, org.springframework.security.web.header.HeaderWriterFilter@372c5d7d, org.springframework.web.filter.CorsFilter@7f29647a, org.springframework.security.web.authentication.logout.LogoutFilter@6108b722, com.alvis.exam.configuration.spring.security.RestLoginAuthenticationFilter@5291e98a, org.springframework.security.web.authentication.UsernamePasswordAuthenticationFilter@10b0be99, org.springframework.security.web.savedrequest.RequestCacheAwareFilter@59d3eaea, org.springframework.security.web.servletapi.SecurityContextHolderAwareRequestFilter@6fe87410, org.springframework.security.web.authentication.rememberme.RememberMeAuthenticationFilter@12600f1, org.springframework.security.web.authentication.AnonymousAuthenticationFilter@38de5ed7, org.springframework.security.web.session.SessionManagementFilter@2d742ee8, org.springframework.security.web.access.ExceptionTranslationFilter@74c66892, org.springframework.security.web.access.intercept.FilterSecurityInterceptor@1776a538]
2020-08-30 21:08:16.435  INFO 4232 --- [restartedMain] io.lettuce.core.EpollProvider            : Starting without optional epoll library
2020-08-30 21:08:16.436  INFO 4232 --- [restartedMain] io.lettuce.core.KqueueProvider           : Starting without optional kqueue library
2020-08-30 21:08:16.928  INFO 4232 --- [restartedMain] o.s.b.d.a.OptionalLiveReloadServer       : LiveReload server is running on port 35729
2020-08-30 21:08:17.508  INFO 4232 --- [restartedMain] s.a.ScheduledAnnotationBeanPostProcessor : No TaskScheduler/ScheduledExecutorService bean found for scheduled processing
2020-08-30 21:08:17.526  INFO 4232 --- [restartedMain] org.xnio                                 : XNIO version 3.3.8.Final
2020-08-30 21:08:17.533  INFO 4232 --- [restartedMain] org.xnio.nio                             : XNIO NIO Implementation Version 3.3.8.Final
2020-08-30 21:08:17.577  INFO 4232 --- [restartedMain] o.s.b.w.e.u.UndertowServletWebServer     : Undertow started on port(s) 8000 (http) with context path ''
2020-08-30 21:08:17.580  INFO 4232 --- [restartedMain] com.alvis.exam.ExamApplication           : Started ExamApplication in 4.283 seconds (JVM running for 4.936)
2020-08-30 22:37:05.327  INFO 14264 --- [restartedMain] com.alvis.exam.ExamApplication           : Starting ExamApplication on LAPTOP-DA32CNEO with PID 14264 (E:\uexam_project\uexam\source\exam\source\exam\target\classes started by 10983 in E:\uexam_project\uexam\source\exam\source\exam)
2020-08-30 22:37:05.329  INFO 14264 --- [restartedMain] com.alvis.exam.ExamApplication           : The following profiles are active: dev
2020-08-30 22:37:05.392  INFO 14264 --- [restartedMain] .e.DevToolsPropertyDefaultsPostProcessor : Devtools property defaults active! Set 'spring.devtools.add-properties' to 'false' to disable
2020-08-30 22:37:05.392  INFO 14264 --- [restartedMain] .e.DevToolsPropertyDefaultsPostProcessor : For additional web related logging consider setting the 'logging.level.web' property to 'DEBUG'
2020-08-30 22:37:06.089  INFO 14264 --- [restartedMain] .s.d.r.c.RepositoryConfigurationDelegate : Multiple Spring Data modules found, entering strict repository configuration mode!
2020-08-30 22:37:06.091  INFO 14264 --- [restartedMain] .s.d.r.c.RepositoryConfigurationDelegate : Bootstrapping Spring Data repositories in DEFAULT mode.
2020-08-30 22:37:06.139  INFO 14264 --- [restartedMain] .s.d.r.c.RepositoryConfigurationDelegate : Finished Spring Data repository scanning in 35ms. Found 0 repository interfaces.
2020-08-30 22:37:06.480  INFO 14264 --- [restartedMain] trationDelegate$BeanPostProcessorChecker : Bean 'cacheConfig' of type [com.alvis.exam.configuration.spring.cache.CacheConfig$$EnhancerBySpringCGLIB$$e0d2f3d5] is not eligible for getting processed by all BeanPostProcessors (for example: not eligible for auto-proxying)
2020-08-30 22:37:06.488  INFO 14264 --- [restartedMain] trationDelegate$BeanPostProcessorChecker : Bean 'org.springframework.transaction.annotation.ProxyTransactionManagementConfiguration' of type [org.springframework.transaction.annotation.ProxyTransactionManagementConfiguration$$EnhancerBySpringCGLIB$$78af3f18] is not eligible for getting processed by all BeanPostProcessors (for example: not eligible for auto-proxying)
2020-08-30 22:37:06.752  WARN 14264 --- [restartedMain] io.undertow.websockets.jsr               : UT026010: Buffer pool was not set on WebSocketDeploymentInfo, the default pool will be used
2020-08-30 22:37:06.768  INFO 14264 --- [restartedMain] io.undertow.servlet                      : Initializing Spring embedded WebApplicationContext
2020-08-30 22:37:06.768  INFO 14264 --- [restartedMain] o.s.web.context.ContextLoader            : Root WebApplicationContext: initialization completed in 1376 ms
2020-08-30 22:37:07.875  INFO 14264 --- [restartedMain] o.s.s.web.DefaultSecurityFilterChain     : Creating filter chain: any request, [org.springframework.security.web.context.request.async.WebAsyncManagerIntegrationFilter@47c89a20, org.springframework.security.web.context.SecurityContextPersistenceFilter@6e3ebb22, org.springframework.security.web.header.HeaderWriterFilter@3042209f, org.springframework.web.filter.CorsFilter@45ec31af, org.springframework.security.web.authentication.logout.LogoutFilter@2604e543, com.alvis.exam.configuration.spring.security.RestLoginAuthenticationFilter@d23dbd1, org.springframework.security.web.authentication.UsernamePasswordAuthenticationFilter@5adddcb2, org.springframework.security.web.savedrequest.RequestCacheAwareFilter@119fec5, org.springframework.security.web.servletapi.SecurityContextHolderAwareRequestFilter@51fedd9, org.springframework.security.web.authentication.rememberme.RememberMeAuthenticationFilter@ade1fdb, org.springframework.security.web.authentication.AnonymousAuthenticationFilter@6aedd0f3, org.springframework.security.web.session.SessionManagementFilter@5c720c3a, org.springframework.security.web.access.ExceptionTranslationFilter@280ce0ff, org.springframework.security.web.access.intercept.FilterSecurityInterceptor@547f7d9]
2020-08-30 22:37:08.236  INFO 14264 --- [restartedMain] io.lettuce.core.EpollProvider            : Starting without optional epoll library
2020-08-30 22:37:08.237  INFO 14264 --- [restartedMain] io.lettuce.core.KqueueProvider           : Starting without optional kqueue library
2020-08-30 22:37:08.701  INFO 14264 --- [restartedMain] o.s.b.d.a.OptionalLiveReloadServer       : LiveReload server is running on port 35729
2020-08-30 22:37:09.279  INFO 14264 --- [restartedMain] s.a.ScheduledAnnotationBeanPostProcessor : No TaskScheduler/ScheduledExecutorService bean found for scheduled processing
2020-08-30 22:37:09.296  INFO 14264 --- [restartedMain] org.xnio                                 : XNIO version 3.3.8.Final
2020-08-30 22:37:09.303  INFO 14264 --- [restartedMain] org.xnio.nio                             : XNIO NIO Implementation Version 3.3.8.Final
2020-08-30 22:37:09.348  INFO 14264 --- [restartedMain] o.s.b.w.e.u.UndertowServletWebServer     : Undertow started on port(s) 8000 (http) with context path ''
2020-08-30 22:37:09.351  INFO 14264 --- [restartedMain] com.alvis.exam.ExamApplication           : Started ExamApplication in 4.385 seconds (JVM running for 5.095)
2020-08-30 22:41:10.791  INFO 14264 --- [XNIO-1 task-1] io.undertow.servlet                      : Initializing Spring DispatcherServlet 'dispatcherServlet'
2020-08-30 22:41:10.791  INFO 14264 --- [XNIO-1 task-1] o.s.web.servlet.DispatcherServlet        : Initializing Servlet 'dispatcherServlet'
2020-08-30 22:41:10.801  INFO 14264 --- [XNIO-1 task-1] o.s.web.servlet.DispatcherServlet        : Completed initialization in 10 ms
2020-08-30 22:41:10.836  INFO 14264 --- [XNIO-1 task-1] com.zaxxer.hikari.HikariDataSource       : HikariPool-1 - Starting...
2020-08-30 22:41:10.947  INFO 14264 --- [XNIO-1 task-1] com.zaxxer.hikari.HikariDataSource       : HikariPool-1 - Start completed.
2020-08-30 22:41:10.953 DEBUG 14264 --- [XNIO-1 task-1] r.c.a.e.r.UserMapper.getUserByUserName   : ==>  Preparing: select id, user_uuid, user_name, password, real_name, age, sex, birth_day, user_level, phone, role, status, image_path, create_time, modify_time, last_active_time, deleted, wx_open_id from t_user where deleted=0 and user_name=? limit 1 
2020-08-30 22:41:10.970 DEBUG 14264 --- [XNIO-1 task-1] r.c.a.e.r.UserMapper.getUserByUserName   : ==> Parameters: admin(String)
2020-08-30 22:41:10.995 DEBUG 14264 --- [XNIO-1 task-1] r.c.a.e.r.UserMapper.getUserByUserName   : <==      Total: 1
2020-08-30 22:41:43.761 DEBUG 14264 --- [XNIO-1 task-44] r.c.a.e.r.UserMapper.getUserByUserName   : ==>  Preparing: select id, user_uuid, user_name, password, real_name, age, sex, birth_day, user_level, phone, role, status, image_path, create_time, modify_time, last_active_time, deleted, wx_open_id from t_user where deleted=0 and user_name=? limit 1 
2020-08-30 22:41:43.762 DEBUG 14264 --- [XNIO-1 task-44] r.c.a.e.r.UserMapper.getUserByUserName   : ==> Parameters: 技术部user(String)
2020-08-30 22:41:43.763 DEBUG 14264 --- [XNIO-1 task-44] r.c.a.e.r.UserMapper.getUserByUserName   : <==      Total: 1
2020-08-30 22:41:43.784 DEBUG 14264 --- [XNIO-1 task-44] r.c.a.e.r.U.insertSelective              : ==>  Preparing: insert into t_user_event_log ( user_id, user_name, real_name, content, create_time ) values ( ?, ?, ?, ?, ? ) 
2020-08-30 22:41:43.786 DEBUG 14264 --- [XNIO-1 task-44] r.c.a.e.r.U.insertSelective              : ==> Parameters: 4(Integer), 技术部user(String), tech(String), 技术部user 登录了学之思考试系统(String), 2020-08-30 22:41:43.769(Timestamp)
2020-08-30 22:41:43.798 DEBUG 14264 --- [XNIO-1 task-44] r.c.a.e.r.U.insertSelective              : <==    Updates: 1
2020-08-30 22:41:43.853 DEBUG 14264 --- [XNIO-1 task-45] r.c.a.e.r.MessageUserMapper.unReadCount  : ==>  Preparing: select count(*) from t_message_user where readed='f' and receive_user_id = ? 
2020-08-30 22:41:43.856 DEBUG 14264 --- [XNIO-1 task-48] r.c.a.e.r.T.getByGradeLevel              : ==>  Preparing: select id, title, grade_level, frame_text_content_id, limit_start_time, limit_end_time, create_user, create_time, deleted, create_user_name from t_task_exam where deleted=0 and grade_level = ? 
2020-08-30 22:41:43.856 DEBUG 14264 --- [XNIO-1 task-45] r.c.a.e.r.MessageUserMapper.unReadCount  : ==> Parameters: 4(Integer)
2020-08-30 22:41:43.856 DEBUG 14264 --- [XNIO-1 task-48] r.c.a.e.r.T.getByGradeLevel              : ==> Parameters: 1(Integer)
2020-08-30 22:41:43.860 DEBUG 14264 --- [XNIO-1 task-47] r.c.a.e.r.ExamPaperMapper.indexPaper     : ==>  Preparing: SELECT id,name,limit_start_time,limit_end_time FROM t_exam_paper WHERE deleted=0 and paper_type= ? and grade_level=? ORDER BY id desc limit 5 
2020-08-30 22:41:43.860 DEBUG 14264 --- [XNIO-1 task-47] r.c.a.e.r.ExamPaperMapper.indexPaper     : ==> Parameters: 1(Integer), 1(Integer)
2020-08-30 22:41:43.861 DEBUG 14264 --- [XNIO-1 task-45] r.c.a.e.r.MessageUserMapper.unReadCount  : <==      Total: 1
2020-08-30 22:41:43.863 DEBUG 14264 --- [XNIO-1 task-47] r.c.a.e.r.ExamPaperMapper.indexPaper     : <==      Total: 3
2020-08-30 22:41:43.864 DEBUG 14264 --- [XNIO-1 task-47] r.c.a.e.r.ExamPaperMapper.indexPaper     : ==>  Preparing: SELECT id,name,limit_start_time,limit_end_time FROM t_exam_paper WHERE deleted=0 and paper_type= ? and grade_level=? and ? between limit_start_time and limit_end_time ORDER BY id desc limit 5 
2020-08-30 22:41:43.864 DEBUG 14264 --- [XNIO-1 task-48] r.c.a.e.r.T.getByGradeLevel              : <==      Total: 4
2020-08-30 22:41:43.865 DEBUG 14264 --- [XNIO-1 task-47] r.c.a.e.r.ExamPaperMapper.indexPaper     : ==> Parameters: 4(Integer), 1(Integer), 2020-08-30 22:41:43.864(Timestamp)
2020-08-30 22:41:43.866 DEBUG 14264 --- [XNIO-1 task-47] r.c.a.e.r.ExamPaperMapper.indexPaper     : <==      Total: 0
2020-08-30 22:41:43.868 DEBUG 14264 --- [XNIO-1 task-48] r.c.a.e.r.T.selectByTUid                 : ==>  Preparing: select id, task_exam_id, create_user, create_time, text_content_id from t_task_exam_customer_answer where create_user=? and task_exam_id in ( ? , ? , ? , ? ) 
2020-08-30 22:41:43.869 DEBUG 14264 --- [XNIO-1 task-48] r.c.a.e.r.T.selectByTUid                 : ==> Parameters: 4(Integer), 1(Integer), 3(Integer), 4(Integer), 5(Integer)
2020-08-30 22:41:43.870 DEBUG 14264 --- [XNIO-1 task-48] r.c.a.e.r.T.selectByTUid                 : <==      Total: 1
2020-08-30 22:41:43.873 DEBUG 14264 --- [XNIO-1 task-48] r.c.a.e.r.T.selectByPrimaryKey           : ==>  Preparing: select id, content, create_time from t_text_content where id = ? 
2020-08-30 22:41:43.873 DEBUG 14264 --- [XNIO-1 task-48] r.c.a.e.r.T.selectByPrimaryKey           : ==> Parameters: 9(Integer)
2020-08-30 22:41:43.875 DEBUG 14264 --- [XNIO-1 task-48] r.c.a.e.r.T.selectByPrimaryKey           : <==      Total: 1
2020-08-30 22:41:43.886 DEBUG 14264 --- [XNIO-1 task-48] r.c.a.e.r.T.selectByPrimaryKey           : ==>  Preparing: select id, content, create_time from t_text_content where id = ? 
2020-08-30 22:41:43.887 DEBUG 14264 --- [XNIO-1 task-48] r.c.a.e.r.T.selectByPrimaryKey           : ==> Parameters: 12(Integer)
2020-08-30 22:41:43.888 DEBUG 14264 --- [XNIO-1 task-48] r.c.a.e.r.T.selectByPrimaryKey           : <==      Total: 1
2020-08-30 22:41:43.889 DEBUG 14264 --- [XNIO-1 task-48] r.c.a.e.r.T.selectByPrimaryKey           : ==>  Preparing: select id, content, create_time from t_text_content where id = ? 
2020-08-30 22:41:43.890 DEBUG 14264 --- [XNIO-1 task-48] r.c.a.e.r.T.selectByPrimaryKey           : ==> Parameters: 13(Integer)
2020-08-30 22:41:43.891 DEBUG 14264 --- [XNIO-1 task-48] r.c.a.e.r.T.selectByPrimaryKey           : <==      Total: 1
2020-08-30 22:41:43.894 DEBUG 14264 --- [XNIO-1 task-48] r.c.a.e.r.T.selectByPrimaryKey           : ==>  Preparing: select id, content, create_time from t_text_content where id = ? 
2020-08-30 22:41:43.895 DEBUG 14264 --- [XNIO-1 task-48] r.c.a.e.r.T.selectByPrimaryKey           : ==> Parameters: 14(Integer)
2020-08-30 22:41:43.895 DEBUG 14264 --- [XNIO-1 task-48] r.c.a.e.r.T.selectByPrimaryKey           : <==      Total: 1
2020-08-30 22:41:43.897 DEBUG 14264 --- [XNIO-1 task-48] r.c.a.e.r.T.selectByPrimaryKey           : ==>  Preparing: select id, content, create_time from t_text_content where id = ? 
2020-08-30 22:41:43.897 DEBUG 14264 --- [XNIO-1 task-48] r.c.a.e.r.T.selectByPrimaryKey           : ==> Parameters: 19(Integer)
2020-08-30 22:41:43.898 DEBUG 14264 --- [XNIO-1 task-48] r.c.a.e.r.T.selectByPrimaryKey           : <==      Total: 1
2020-08-30 22:43:51.850 DEBUG 14264 --- [XNIO-1 task-49] r.c.a.e.r.E.selectByPrimaryKey           : ==>  Preparing: select id, name, subject_id, paper_type, grade_level, score, question_count, suggest_time, limit_start_time, limit_end_time, frame_text_content_id, create_user, create_time, deleted, task_exam_id from t_exam_paper where id = ? 
2020-08-30 22:43:51.851 DEBUG 14264 --- [XNIO-1 task-49] r.c.a.e.r.E.selectByPrimaryKey           : ==> Parameters: 9(Integer)
2020-08-30 22:43:51.852 DEBUG 14264 --- [XNIO-1 task-49] r.c.a.e.r.E.selectByPrimaryKey           : <==      Total: 1
2020-08-30 22:43:51.856 DEBUG 14264 --- [XNIO-1 task-49] r.c.a.e.r.T.selectByPrimaryKey           : ==>  Preparing: select id, content, create_time from t_text_content where id = ? 
2020-08-30 22:43:51.857 DEBUG 14264 --- [XNIO-1 task-49] r.c.a.e.r.T.selectByPrimaryKey           : ==> Parameters: 15(Integer)
2020-08-30 22:43:51.858 DEBUG 14264 --- [XNIO-1 task-49] r.c.a.e.r.T.selectByPrimaryKey           : <==      Total: 1
2020-08-30 22:43:51.862 DEBUG 14264 --- [XNIO-1 task-49] r.c.a.e.r.QuestionMapper.selectByIds     : ==>  Preparing: SELECT id, question_type, subject_id, score, grade_level, difficult, correct, info_text_content_id, create_user, status, create_time, deleted FROM t_question where id in ( ? , ? , ? , ? ) 
2020-08-30 22:43:51.862 DEBUG 14264 --- [XNIO-1 task-49] r.c.a.e.r.QuestionMapper.selectByIds     : ==> Parameters: 100(Integer), 101(Integer), 99(Integer), 271(Integer)
2020-08-30 22:43:51.867 DEBUG 14264 --- [XNIO-1 task-49] r.c.a.e.r.QuestionMapper.selectByIds     : <==      Total: 4
2020-08-30 22:43:51.873 DEBUG 14264 --- [XNIO-1 task-49] r.c.a.e.r.T.selectByPrimaryKey           : ==>  Preparing: select id, content, create_time from t_text_content where id = ? 
2020-08-30 22:43:51.873 DEBUG 14264 --- [XNIO-1 task-49] r.c.a.e.r.T.selectByPrimaryKey           : ==> Parameters: 5(Integer)
2020-08-30 22:43:51.875 DEBUG 14264 --- [XNIO-1 task-49] r.c.a.e.r.T.selectByPrimaryKey           : <==      Total: 1
2020-08-30 22:44:02.114 DEBUG 14264 --- [XNIO-1 task-50] r.c.a.e.r.E.selectByPrimaryKey           : ==>  Preparing: select id, name, subject_id, paper_type, grade_level, score, question_count, suggest_time, limit_start_time, limit_end_time, frame_text_content_id, create_user, create_time, deleted, task_exam_id from t_exam_paper where id = ? 
2020-08-30 22:44:02.115 DEBUG 14264 --- [XNIO-1 task-50] r.c.a.e.r.E.selectByPrimaryKey           : ==> Parameters: 8(Integer)
2020-08-30 22:44:02.116 DEBUG 14264 --- [XNIO-1 task-50] r.c.a.e.r.E.selectByPrimaryKey           : <==      Total: 1
2020-08-30 22:44:02.125 ERROR 14264 --- [XNIO-1 task-50] c.a.e.c.s.exception.ExceptionHandle      : Null key returned for cache operation (maybe you are using named params on classes without debug info?) Builder[public com.alvis.exam.domain.TextContent com.alvis.exam.service.impl.TextContentServiceImpl.selectById(java.lang.Integer)] caches=[TextContent] | key='#id' | keyGenerator='' | cacheManager='' | cacheResolver='' | condition='' | unless='#result == null' | sync='false'

java.lang.IllegalArgumentException: Null key returned for cache operation (maybe you are using named params on classes without debug info?) Builder[public com.alvis.exam.domain.TextContent com.alvis.exam.service.impl.TextContentServiceImpl.selectById(java.lang.Integer)] caches=[TextContent] | key='#id' | keyGenerator='' | cacheManager='' | cacheResolver='' | condition='' | unless='#result == null' | sync='false'
	at org.springframework.cache.interceptor.CacheAspectSupport.generateKey(CacheAspectSupport.java:578)
	at org.springframework.cache.interceptor.CacheAspectSupport.findCachedItem(CacheAspectSupport.java:518)
	at org.springframework.cache.interceptor.CacheAspectSupport.execute(CacheAspectSupport.java:401)
	at org.springframework.cache.interceptor.CacheAspectSupport.execute(CacheAspectSupport.java:345)
	at org.springframework.cache.interceptor.CacheInterceptor.invoke(CacheInterceptor.java:61)
	at org.springframework.aop.framework.ReflectiveMethodInvocation.proceed(ReflectiveMethodInvocation.java:186)
	at org.springframework.aop.framework.JdkDynamicAopProxy.invoke(JdkDynamicAopProxy.java:212)
	at com.sun.proxy.$Proxy89.selectById(Unknown Source)
	at com.alvis.exam.service.impl.ExamPaperServiceImpl.examPaperToVM(ExamPaperServiceImpl.java:185)
	at sun.reflect.NativeMethodAccessorImpl.invoke0(Native Method)
	at sun.reflect.NativeMethodAccessorImpl.invoke(NativeMethodAccessorImpl.java:62)
	at sun.reflect.DelegatingMethodAccessorImpl.invoke(DelegatingMethodAccessorImpl.java:43)
	at java.lang.reflect.Method.invoke(Method.java:498)
	at org.springframework.aop.support.AopUtils.invokeJoinpointUsingReflection(AopUtils.java:343)
	at org.springframework.aop.framework.JdkDynamicAopProxy.invoke(JdkDynamicAopProxy.java:205)
	at com.sun.proxy.$Proxy93.examPaperToVM(Unknown Source)
	at com.alvis.exam.controller.student.ExamPaperController.select(ExamPaperController.java:39)
	at sun.reflect.NativeMethodAccessorImpl.invoke0(Native Method)
	at sun.reflect.NativeMethodAccessorImpl.invoke(NativeMethodAccessorImpl.java:62)
	at sun.reflect.DelegatingMethodAccessorImpl.invoke(DelegatingMethodAccessorImpl.java:43)
	at java.lang.reflect.Method.invoke(Method.java:498)
	at org.springframework.web.method.support.InvocableHandlerMethod.doInvoke(InvocableHandlerMethod.java:190)
	at org.springframework.web.method.support.InvocableHandlerMethod.invokeForRequest(InvocableHandlerMethod.java:138)
	at org.springframework.web.servlet.mvc.method.annotation.ServletInvocableHandlerMethod.invokeAndHandle(ServletInvocableHandlerMethod.java:104)
	at org.springframework.web.servlet.mvc.method.annotation.RequestMappingHandlerAdapter.invokeHandlerMethod(RequestMappingHandlerAdapter.java:892)
	at org.springframework.web.servlet.mvc.method.annotation.RequestMappingHandlerAdapter.handleInternal(RequestMappingHandlerAdapter.java:797)
	at org.springframework.web.servlet.mvc.method.AbstractHandlerMethodAdapter.handle(AbstractHandlerMethodAdapter.java:87)
	at org.springframework.web.servlet.DispatcherServlet.doDispatch(DispatcherServlet.java:1039)
	at org.springframework.web.servlet.DispatcherServlet.doService(DispatcherServlet.java:942)
	at org.springframework.web.servlet.FrameworkServlet.processRequest(FrameworkServlet.java:1005)
	at org.springframework.web.servlet.FrameworkServlet.doPost(FrameworkServlet.java:908)
	at javax.servlet.http.HttpServlet.service(HttpServlet.java:665)
	at org.springframework.web.servlet.FrameworkServlet.service(FrameworkServlet.java:882)
	at javax.servlet.http.HttpServlet.service(HttpServlet.java:750)
	at io.undertow.servlet.handlers.ServletHandler.handleRequest(ServletHandler.java:74)
	at io.undertow.servlet.handlers.FilterHandler$FilterChainImpl.doFilter(FilterHandler.java:129)
	at org.springframework.security.web.authentication.AbstractAuthenticationProcessingFilter.doFilter(AbstractAuthenticationProcessingFilter.java:200)
	at io.undertow.servlet.core.ManagedFilter.doFilter(ManagedFilter.java:61)
	at io.undertow.servlet.handlers.FilterHandler$FilterChainImpl.doFilter(FilterHandler.java:131)
	at org.springframework.security.web.FilterChainProxy$VirtualFilterChain.doFilter(FilterChainProxy.java:320)
	at org.springframework.security.web.access.intercept.FilterSecurityInterceptor.invoke(FilterSecurityInterceptor.java:127)
	at org.springframework.security.web.access.intercept.FilterSecurityInterceptor.doFilter(FilterSecurityInterceptor.java:91)
	at org.springframework.security.web.FilterChainProxy$VirtualFilterChain.doFilter(FilterChainProxy.java:334)
	at org.springframework.security.web.access.ExceptionTranslationFilter.doFilter(ExceptionTranslationFilter.java:119)
	at org.springframework.security.web.FilterChainProxy$VirtualFilterChain.doFilter(FilterChainProxy.java:334)
	at org.springframework.security.web.session.SessionManagementFilter.doFilter(SessionManagementFilter.java:137)
	at org.springframework.security.web.FilterChainProxy$VirtualFilterChain.doFilter(FilterChainProxy.java:334)
	at org.springframework.security.web.authentication.AnonymousAuthenticationFilter.doFilter(AnonymousAuthenticationFilter.java:111)
	at org.springframework.security.web.FilterChainProxy$VirtualFilterChain.doFilter(FilterChainProxy.java:334)
	at org.springframework.security.web.authentication.rememberme.RememberMeAuthenticationFilter.doFilter(RememberMeAuthenticationFilter.java:158)
	at org.springframework.security.web.FilterChainProxy$VirtualFilterChain.doFilter(FilterChainProxy.java:334)
	at org.springframework.security.web.servletapi.SecurityContextHolderAwareRequestFilter.doFilter(SecurityContextHolderAwareRequestFilter.java:170)
	at org.springframework.security.web.FilterChainProxy$VirtualFilterChain.doFilter(FilterChainProxy.java:334)
	at org.springframework.security.web.savedrequest.RequestCacheAwareFilter.doFilter(RequestCacheAwareFilter.java:63)
	at org.springframework.security.web.FilterChainProxy$VirtualFilterChain.doFilter(FilterChainProxy.java:334)
	at org.springframework.security.web.authentication.AbstractAuthenticationProcessingFilter.doFilter(AbstractAuthenticationProcessingFilter.java:200)
	at org.springframework.security.web.FilterChainProxy$VirtualFilterChain.doFilter(FilterChainProxy.java:334)
	at org.springframework.security.web.authentication.AbstractAuthenticationProcessingFilter.doFilter(AbstractAuthenticationProcessingFilter.java:200)
	at org.springframework.security.web.FilterChainProxy$VirtualFilterChain.doFilter(FilterChainProxy.java:334)
	at org.springframework.security.web.authentication.logout.LogoutFilter.doFilter(LogoutFilter.java:116)
	at org.springframework.security.web.FilterChainProxy$VirtualFilterChain.doFilter(FilterChainProxy.java:334)
	at org.springframework.web.filter.CorsFilter.doFilterInternal(CorsFilter.java:96)
	at org.springframework.web.filter.OncePerRequestFilter.doFilter(OncePerRequestFilter.java:109)
	at org.springframework.security.web.FilterChainProxy$VirtualFilterChain.doFilter(FilterChainProxy.java:334)
	at org.springframework.security.web.header.HeaderWriterFilter.doFilterInternal(HeaderWriterFilter.java:74)
	at org.springframework.web.filter.OncePerRequestFilter.doFilter(OncePerRequestFilter.java:109)
	at org.springframework.security.web.FilterChainProxy$VirtualFilterChain.doFilter(FilterChainProxy.java:334)
	at org.springframework.security.web.context.SecurityContextPersistenceFilter.doFilter(SecurityContextPersistenceFilter.java:105)
	at org.springframework.security.web.FilterChainProxy$VirtualFilterChain.doFilter(FilterChainProxy.java:334)
	at org.springframework.security.web.context.request.async.WebAsyncManagerIntegrationFilter.doFilterInternal(WebAsyncManagerIntegrationFilter.java:56)
	at org.springframework.web.filter.OncePerRequestFilter.doFilter(OncePerRequestFilter.java:109)
	at org.springframework.security.web.FilterChainProxy$VirtualFilterChain.doFilter(FilterChainProxy.java:334)
	at org.springframework.security.web.FilterChainProxy.doFilterInternal(FilterChainProxy.java:215)
	at org.springframework.security.web.FilterChainProxy.doFilter(FilterChainProxy.java:178)
	at org.springframework.web.filter.DelegatingFilterProxy.invokeDelegate(DelegatingFilterProxy.java:357)
	at org.springframework.web.filter.DelegatingFilterProxy.doFilter(DelegatingFilterProxy.java:270)
	at io.undertow.servlet.core.ManagedFilter.doFilter(ManagedFilter.java:61)
	at io.undertow.servlet.handlers.FilterHandler$FilterChainImpl.doFilter(FilterHandler.java:131)
	at org.springframework.session.web.http.SessionRepositoryFilter.doFilterInternal(SessionRepositoryFilter.java:151)
	at org.springframework.session.web.http.OncePerRequestFilter.doFilter(OncePerRequestFilter.java:85)
	at io.undertow.servlet.core.ManagedFilter.doFilter(ManagedFilter.java:61)
	at io.undertow.servlet.handlers.FilterHandler$FilterChainImpl.doFilter(FilterHandler.java:131)
	at org.springframework.web.filter.CharacterEncodingFilter.doFilterInternal(CharacterEncodingFilter.java:200)
	at org.springframework.web.filter.OncePerRequestFilter.doFilter(OncePerRequestFilter.java:109)
	at io.undertow.servlet.core.ManagedFilter.doFilter(ManagedFilter.java:61)
	at io.undertow.servlet.handlers.FilterHandler$FilterChainImpl.doFilter(FilterHandler.java:131)
	at io.undertow.servlet.handlers.FilterHandler.handleRequest(FilterHandler.java:84)
	at io.undertow.servlet.handlers.security.ServletSecurityRoleHandler.handleRequest(ServletSecurityRoleHandler.java:62)
	at io.undertow.servlet.handlers.ServletChain$1.handleRequest(ServletChain.java:68)
	at io.undertow.servlet.handlers.ServletDispatchingHandler.handleRequest(ServletDispatchingHandler.java:36)
	at io.undertow.servlet.handlers.security.SSLInformationAssociationHandler.handleRequest(SSLInformationAssociationHandler.java:132)
	at io.undertow.servlet.handlers.security.ServletAuthenticationCallHandler.handleRequest(ServletAuthenticationCallHandler.java:57)
	at io.undertow.server.handlers.PredicateHandler.handleRequest(PredicateHandler.java:43)
	at io.undertow.security.handlers.AbstractConfidentialityHandler.handleRequest(AbstractConfidentialityHandler.java:46)
	at io.undertow.servlet.handlers.security.ServletConfidentialityConstraintHandler.handleRequest(ServletConfidentialityConstraintHandler.java:64)
	at io.undertow.security.handlers.AuthenticationMechanismsHandler.handleRequest(AuthenticationMechanismsHandler.java:60)
	at io.undertow.servlet.handlers.security.CachedAuthenticatedSessionHandler.handleRequest(CachedAuthenticatedSessionHandler.java:77)
	at io.undertow.security.handlers.AbstractSecurityContextAssociationHandler.handleRequest(AbstractSecurityContextAssociationHandler.java:43)
	at io.undertow.server.handlers.PredicateHandler.handleRequest(PredicateHandler.java:43)
	at io.undertow.server.handlers.PredicateHandler.handleRequest(PredicateHandler.java:43)
	at io.undertow.servlet.handlers.SessionRestoringHandler.handleRequest(SessionRestoringHandler.java:119)
	at io.undertow.servlet.handlers.ServletInitialHandler.handleFirstRequest(ServletInitialHandler.java:292)
	at io.undertow.servlet.handlers.ServletInitialHandler.access$100(ServletInitialHandler.java:81)
	at io.undertow.servlet.handlers.ServletInitialHandler$2.call(ServletInitialHandler.java:138)
	at io.undertow.servlet.handlers.ServletInitialHandler$2.call(ServletInitialHandler.java:135)
	at io.undertow.servlet.core.ServletRequestContextThreadSetupAction$1.call(ServletRequestContextThreadSetupAction.java:48)
	at io.undertow.servlet.core.ContextClassLoaderSetupAction$1.call(ContextClassLoaderSetupAction.java:43)
	at io.undertow.servlet.handlers.ServletInitialHandler.dispatchRequest(ServletInitialHandler.java:272)
	at io.undertow.servlet.handlers.ServletInitialHandler.access$000(ServletInitialHandler.java:81)
	at io.undertow.servlet.handlers.ServletInitialHandler$1.handleRequest(ServletInitialHandler.java:104)
	at io.undertow.server.Connectors.executeRootHandler(Connectors.java:364)
	at io.undertow.server.HttpServerExchange$1.run(HttpServerExchange.java:830)
	at java.util.concurrent.ThreadPoolExecutor.runWorker(ThreadPoolExecutor.java:1149)
	at java.util.concurrent.ThreadPoolExecutor$Worker.run(ThreadPoolExecutor.java:624)
	at java.lang.Thread.run(Thread.java:748)

2020-08-30 22:45:04.287 DEBUG 14264 --- [XNIO-1 task-51] r.c.a.e.r.S.getSubjectByLevel            : ==>  Preparing: select id, name, level, level_name, item_order, deleted from t_subject WHERE level= ? and deleted = 0 
2020-08-30 22:45:04.287 DEBUG 14264 --- [XNIO-1 task-51] r.c.a.e.r.S.getSubjectByLevel            : ==> Parameters: 1(Integer)
2020-08-30 22:45:04.289 DEBUG 14264 --- [XNIO-1 task-51] r.c.a.e.r.S.getSubjectByLevel            : <==      Total: 1
2020-08-30 22:45:04.414 DEBUG 14264 --- [XNIO-1 task-52] r.c.a.e.r.E.studentPage_COUNT            : ==>  Preparing: SELECT count(0) FROM t_exam_paper WHERE deleted = 0 AND subject_id = ? AND paper_type = ? 
2020-08-30 22:45:04.414 DEBUG 14264 --- [XNIO-1 task-52] r.c.a.e.r.E.studentPage_COUNT            : ==> Parameters: 1(Integer), 1(Integer)
2020-08-30 22:45:04.416 DEBUG 14264 --- [XNIO-1 task-52] r.c.a.e.r.E.studentPage_COUNT            : <==      Total: 1
2020-08-30 22:45:04.420 DEBUG 14264 --- [XNIO-1 task-52] r.c.a.e.r.ExamPaperMapper.studentPage    : ==>  Preparing: SELECT id, name, subject_id, paper_type, grade_level, score, question_count, suggest_time, limit_start_time, limit_end_time, frame_text_content_id, create_user, create_time, deleted, task_exam_id FROM t_exam_paper WHERE deleted = 0 AND subject_id = ? AND paper_type = ? order by id desc LIMIT ? 
2020-08-30 22:45:04.421 DEBUG 14264 --- [XNIO-1 task-52] r.c.a.e.r.ExamPaperMapper.studentPage    : ==> Parameters: 1(Integer), 1(Integer), 10(Integer)
2020-08-30 22:45:04.422 DEBUG 14264 --- [XNIO-1 task-52] r.c.a.e.r.ExamPaperMapper.studentPage    : <==      Total: 3
2020-08-30 22:45:17.486 DEBUG 14264 --- [XNIO-1 task-53] r.c.a.e.r.E.studentPage_COUNT            : ==>  Preparing: SELECT count(0) FROM t_exam_paper_answer WHERE create_user = ? 
2020-08-30 22:45:17.486 DEBUG 14264 --- [XNIO-1 task-53] r.c.a.e.r.E.studentPage_COUNT            : ==> Parameters: 4(Integer)
2020-08-30 22:45:17.487 DEBUG 14264 --- [XNIO-1 task-53] r.c.a.e.r.E.studentPage_COUNT            : <==      Total: 1
2020-08-30 22:45:17.489 DEBUG 14264 --- [XNIO-1 task-53] r.c.a.e.r.E.studentPage                  : ==>  Preparing: SELECT id, exam_paper_id, paper_name, paper_type, subject_id, system_score, user_score, paper_score, question_correct, question_count, do_time, status, create_user, create_time, task_exam_id FROM t_exam_paper_answer WHERE create_user = ? order by id desc LIMIT ? 
2020-08-30 22:45:17.489 DEBUG 14264 --- [XNIO-1 task-53] r.c.a.e.r.E.studentPage                  : ==> Parameters: 4(Integer), 10(Integer)
2020-08-30 22:45:17.491 DEBUG 14264 --- [XNIO-1 task-53] r.c.a.e.r.E.studentPage                  : <==      Total: 4
2020-08-30 22:45:17.495 DEBUG 14264 --- [XNIO-1 task-53] r.c.a.e.r.S.selectByPrimaryKey           : ==>  Preparing: select id, name, level, level_name, item_order, deleted from t_subject where id = ? 
2020-08-30 22:45:17.495 DEBUG 14264 --- [XNIO-1 task-53] r.c.a.e.r.S.selectByPrimaryKey           : ==> Parameters: 1(Integer)
2020-08-30 22:45:17.497 DEBUG 14264 --- [XNIO-1 task-53] r.c.a.e.r.S.selectByPrimaryKey           : <==      Total: 1
