2020-08-29 09:20:38.073  INFO 10764 --- [restartedMain] com.alvis.exam.ExamApplication           : Starting ExamApplication on LAPTOP-DA32CNEO with PID 10764 (E:\uexam_project\uexam\source\exam\source\exam\target\classes started by 10983 in E:\uexam_project\uexam\source\exam\source\exam)
2020-08-29 09:20:38.075  INFO 10764 --- [restartedMain] com.alvis.exam.ExamApplication           : The following profiles are active: dev
2020-08-29 09:20:38.131  INFO 10764 --- [restartedMain] .e.DevToolsPropertyDefaultsPostProcessor : Devtools property defaults active! Set 'spring.devtools.add-properties' to 'false' to disable
2020-08-29 09:20:38.131  INFO 10764 --- [restartedMain] .e.DevToolsPropertyDefaultsPostProcessor : For additional web related logging consider setting the 'logging.level.web' property to 'DEBUG'
2020-08-29 09:20:38.783  INFO 10764 --- [restartedMain] .s.d.r.c.RepositoryConfigurationDelegate : Multiple Spring Data modules found, entering strict repository configuration mode!
2020-08-29 09:20:38.785  INFO 10764 --- [restartedMain] .s.d.r.c.RepositoryConfigurationDelegate : Bootstrapping Spring Data repositories in DEFAULT mode.
2020-08-29 09:20:38.824  INFO 10764 --- [restartedMain] .s.d.r.c.RepositoryConfigurationDelegate : Finished Spring Data repository scanning in 30ms. Found 0 repository interfaces.
2020-08-29 09:20:39.161  INFO 10764 --- [restartedMain] trationDelegate$BeanPostProcessorChecker : Bean 'cacheConfig' of type [com.alvis.exam.configuration.spring.cache.CacheConfig$$EnhancerBySpringCGLIB$$a8941be8] is not eligible for getting processed by all BeanPostProcessors (for example: not eligible for auto-proxying)
2020-08-29 09:20:39.167  INFO 10764 --- [restartedMain] trationDelegate$BeanPostProcessorChecker : Bean 'org.springframework.transaction.annotation.ProxyTransactionManagementConfiguration' of type [org.springframework.transaction.annotation.ProxyTransactionManagementConfiguration$$EnhancerBySpringCGLIB$$4070672b] is not eligible for getting processed by all BeanPostProcessors (for example: not eligible for auto-proxying)
2020-08-29 09:20:39.400  WARN 10764 --- [restartedMain] io.undertow.websockets.jsr               : UT026010: Buffer pool was not set on WebSocketDeploymentInfo, the default pool will be used
2020-08-29 09:20:39.419  INFO 10764 --- [restartedMain] io.undertow.servlet                      : Initializing Spring embedded WebApplicationContext
2020-08-29 09:20:39.419  INFO 10764 --- [restartedMain] o.s.web.context.ContextLoader            : Root WebApplicationContext: initialization completed in 1287 ms
2020-08-29 09:20:40.418  INFO 10764 --- [restartedMain] o.s.s.web.DefaultSecurityFilterChain     : Creating filter chain: any request, [org.springframework.security.web.context.request.async.WebAsyncManagerIntegrationFilter@1776a538, org.springframework.security.web.context.SecurityContextPersistenceFilter@205576ed, org.springframework.security.web.header.HeaderWriterFilter@238716c0, org.springframework.web.filter.CorsFilter@5c217dcf, org.springframework.security.web.authentication.logout.LogoutFilter@59d3eaea, com.alvis.exam.configuration.spring.security.RestLoginAuthenticationFilter@4108e5fc, org.springframework.security.web.authentication.UsernamePasswordAuthenticationFilter@404ddfd5, org.springframework.security.web.savedrequest.RequestCacheAwareFilter@60df9ba4, org.springframework.security.web.servletapi.SecurityContextHolderAwareRequestFilter@2d742ee8, org.springframework.security.web.authentication.rememberme.RememberMeAuthenticationFilter@7db21af0, org.springframework.security.web.authentication.AnonymousAuthenticationFilter@3d152535, org.springframework.security.web.session.SessionManagementFilter@5c3f614d, org.springframework.security.web.access.ExceptionTranslationFilter@234acd29, org.springframework.security.web.access.intercept.FilterSecurityInterceptor@510d3645]
2020-08-29 09:20:40.773  INFO 10764 --- [restartedMain] io.lettuce.core.EpollProvider            : Starting without optional epoll library
2020-08-29 09:20:40.774  INFO 10764 --- [restartedMain] io.lettuce.core.KqueueProvider           : Starting without optional kqueue library
2020-08-29 09:20:43.035  WARN 10764 --- [restartedMain] ConfigServletWebServerApplicationContext : Exception encountered during context initialization - cancelling refresh attempt: org.springframework.beans.factory.BeanCreationException: Error creating bean with name 'enableRedisKeyspaceNotificationsInitializer' defined in class path resource [org/springframework/boot/autoconfigure/session/RedisSessionConfiguration$SpringBootRedisHttpSessionConfiguration.class]: Invocation of init method failed; nested exception is org.springframework.data.redis.connection.PoolException: Could not get a resource from the pool; nested exception is io.lettuce.core.RedisConnectionException: Unable to connect to localhost:6379
2020-08-29 09:20:44.167  INFO 10764 --- [restartedMain] ConditionEvaluationReportLoggingListener : 

Error starting ApplicationContext. To display the conditions report re-run your application with 'debug' enabled.
2020-08-29 09:20:44.172 ERROR 10764 --- [restartedMain] o.s.boot.SpringApplication               : Application run failed

org.springframework.beans.factory.BeanCreationException: Error creating bean with name 'enableRedisKeyspaceNotificationsInitializer' defined in class path resource [org/springframework/boot/autoconfigure/session/RedisSessionConfiguration$SpringBootRedisHttpSessionConfiguration.class]: Invocation of init method failed; nested exception is org.springframework.data.redis.connection.PoolException: Could not get a resource from the pool; nested exception is io.lettuce.core.RedisConnectionException: Unable to connect to localhost:6379
	at org.springframework.beans.factory.support.AbstractAutowireCapableBeanFactory.initializeBean(AbstractAutowireCapableBeanFactory.java:1778)
	at org.springframework.beans.factory.support.AbstractAutowireCapableBeanFactory.doCreateBean(AbstractAutowireCapableBeanFactory.java:593)
	at org.springframework.beans.factory.support.AbstractAutowireCapableBeanFactory.createBean(AbstractAutowireCapableBeanFactory.java:515)
	at org.springframework.beans.factory.support.AbstractBeanFactory.lambda$doGetBean$0(AbstractBeanFactory.java:320)
	at org.springframework.beans.factory.support.DefaultSingletonBeanRegistry.getSingleton(DefaultSingletonBeanRegistry.java:222)
	at org.springframework.beans.factory.support.AbstractBeanFactory.doGetBean(AbstractBeanFactory.java:318)
	at org.springframework.beans.factory.support.AbstractBeanFactory.getBean(AbstractBeanFactory.java:199)
	at org.springframework.beans.factory.support.DefaultListableBeanFactory.preInstantiateSingletons(DefaultListableBeanFactory.java:845)
	at org.springframework.context.support.AbstractApplicationContext.finishBeanFactoryInitialization(AbstractApplicationContext.java:877)
	at org.springframework.context.support.AbstractApplicationContext.refresh(AbstractApplicationContext.java:549)
	at org.springframework.boot.web.servlet.context.ServletWebServerApplicationContext.refresh(ServletWebServerApplicationContext.java:140)
	at org.springframework.boot.SpringApplication.refresh(SpringApplication.java:742)
	at org.springframework.boot.SpringApplication.refreshContext(SpringApplication.java:389)
	at org.springframework.boot.SpringApplication.run(SpringApplication.java:311)
	at org.springframework.boot.SpringApplication.run(SpringApplication.java:1213)
	at org.springframework.boot.SpringApplication.run(SpringApplication.java:1202)
	at com.alvis.exam.ExamApplication.main(ExamApplication.java:20)
	at sun.reflect.NativeMethodAccessorImpl.invoke0(Native Method)
	at sun.reflect.NativeMethodAccessorImpl.invoke(NativeMethodAccessorImpl.java:62)
	at sun.reflect.DelegatingMethodAccessorImpl.invoke(DelegatingMethodAccessorImpl.java:43)
	at java.lang.reflect.Method.invoke(Method.java:498)
	at org.springframework.boot.devtools.restart.RestartLauncher.run(RestartLauncher.java:49)
Caused by: org.springframework.data.redis.connection.PoolException: Could not get a resource from the pool; nested exception is io.lettuce.core.RedisConnectionException: Unable to connect to localhost:6379
	at org.springframework.data.redis.connection.lettuce.LettucePoolingConnectionProvider.getConnection(LettucePoolingConnectionProvider.java:86)
	at org.springframework.data.redis.connection.lettuce.LettuceConnectionFactory$SharedConnection.getNativeConnection(LettuceConnectionFactory.java:1104)
	at org.springframework.data.redis.connection.lettuce.LettuceConnectionFactory$SharedConnection.getConnection(LettuceConnectionFactory.java:1085)
	at org.springframework.data.redis.connection.lettuce.LettuceConnectionFactory.getSharedConnection(LettuceConnectionFactory.java:866)
	at org.springframework.data.redis.connection.lettuce.LettuceConnectionFactory.getConnection(LettuceConnectionFactory.java:341)
	at org.springframework.session.data.redis.config.annotation.web.http.RedisHttpSessionConfiguration$EnableRedisKeyspaceNotificationsInitializer.afterPropertiesSet(RedisHttpSessionConfiguration.java:302)
	at org.springframework.beans.factory.support.AbstractAutowireCapableBeanFactory.invokeInitMethods(AbstractAutowireCapableBeanFactory.java:1837)
	at org.springframework.beans.factory.support.AbstractAutowireCapableBeanFactory.initializeBean(AbstractAutowireCapableBeanFactory.java:1774)
	... 21 common frames omitted
Caused by: io.lettuce.core.RedisConnectionException: Unable to connect to localhost:6379
	at io.lettuce.core.RedisConnectionException.create(RedisConnectionException.java:78)
	at io.lettuce.core.RedisConnectionException.create(RedisConnectionException.java:56)
	at io.lettuce.core.AbstractRedisClient.getConnection(AbstractRedisClient.java:235)
	at io.lettuce.core.RedisClient.connect(RedisClient.java:204)
	at org.springframework.data.redis.connection.lettuce.StandaloneConnectionProvider.lambda$getConnection$1(StandaloneConnectionProvider.java:113)
	at java.util.Optional.orElseGet(Optional.java:267)
	at org.springframework.data.redis.connection.lettuce.StandaloneConnectionProvider.getConnection(StandaloneConnectionProvider.java:113)
	at org.springframework.data.redis.connection.lettuce.LettucePoolingConnectionProvider.lambda$null$0(LettucePoolingConnectionProvider.java:74)
	at io.lettuce.core.support.ConnectionPoolSupport$RedisPooledObjectFactory.create(ConnectionPoolSupport.java:209)
	at io.lettuce.core.support.ConnectionPoolSupport$RedisPooledObjectFactory.create(ConnectionPoolSupport.java:199)
	at org.apache.commons.pool2.BasePooledObjectFactory.makeObject(BasePooledObjectFactory.java:58)
	at org.apache.commons.pool2.impl.GenericObjectPool.create(GenericObjectPool.java:874)
	at org.apache.commons.pool2.impl.GenericObjectPool.borrowObject(GenericObjectPool.java:417)
	at org.apache.commons.pool2.impl.GenericObjectPool.borrowObject(GenericObjectPool.java:346)
	at io.lettuce.core.support.ConnectionPoolSupport$1.borrowObject(ConnectionPoolSupport.java:122)
	at io.lettuce.core.support.ConnectionPoolSupport$1.borrowObject(ConnectionPoolSupport.java:117)
	at org.springframework.data.redis.connection.lettuce.LettucePoolingConnectionProvider.getConnection(LettucePoolingConnectionProvider.java:80)
	... 28 common frames omitted
Caused by: io.netty.channel.AbstractChannel$AnnotatedConnectException: Connection refused: no further information: localhost/127.0.0.1:6379
	at sun.nio.ch.SocketChannelImpl.checkConnect(Native Method)
	at sun.nio.ch.SocketChannelImpl.finishConnect(SocketChannelImpl.java:717)
	at io.netty.channel.socket.nio.NioSocketChannel.doFinishConnect(NioSocketChannel.java:327)
	at io.netty.channel.nio.AbstractNioChannel$AbstractNioUnsafe.finishConnect(AbstractNioChannel.java:340)
	at io.netty.channel.nio.NioEventLoop.processSelectedKey(NioEventLoop.java:670)
	at io.netty.channel.nio.NioEventLoop.processSelectedKeysOptimized(NioEventLoop.java:617)
	at io.netty.channel.nio.NioEventLoop.processSelectedKeys(NioEventLoop.java:534)
	at io.netty.channel.nio.NioEventLoop.run(NioEventLoop.java:496)
	at io.netty.util.concurrent.SingleThreadEventExecutor$5.run(SingleThreadEventExecutor.java:906)
	at io.netty.util.internal.ThreadExecutorMap$2.run(ThreadExecutorMap.java:74)
	at io.netty.util.concurrent.FastThreadLocalRunnable.run(FastThreadLocalRunnable.java:30)
	at java.lang.Thread.run(Thread.java:748)
Caused by: java.net.ConnectException: Connection refused: no further information
	... 12 common frames omitted

2020-08-29 09:29:54.547  INFO 11644 --- [restartedMain] com.alvis.exam.ExamApplication           : Starting ExamApplication on LAPTOP-DA32CNEO with PID 11644 (E:\uexam_project\uexam\source\exam\source\exam\target\classes started by 10983 in E:\uexam_project\uexam\source\exam\source\exam)
2020-08-29 09:29:54.547  INFO 11644 --- [restartedMain] com.alvis.exam.ExamApplication           : The following profiles are active: dev
2020-08-29 09:29:54.594  INFO 11644 --- [restartedMain] .e.DevToolsPropertyDefaultsPostProcessor : Devtools property defaults active! Set 'spring.devtools.add-properties' to 'false' to disable
2020-08-29 09:29:54.594  INFO 11644 --- [restartedMain] .e.DevToolsPropertyDefaultsPostProcessor : For additional web related logging consider setting the 'logging.level.web' property to 'DEBUG'
2020-08-29 09:29:55.212  INFO 11644 --- [restartedMain] .s.d.r.c.RepositoryConfigurationDelegate : Multiple Spring Data modules found, entering strict repository configuration mode!
2020-08-29 09:29:55.212  INFO 11644 --- [restartedMain] .s.d.r.c.RepositoryConfigurationDelegate : Bootstrapping Spring Data repositories in DEFAULT mode.
2020-08-29 09:29:55.243  INFO 11644 --- [restartedMain] .s.d.r.c.RepositoryConfigurationDelegate : Finished Spring Data repository scanning in 31ms. Found 0 repository interfaces.
2020-08-29 09:29:55.564  INFO 11644 --- [restartedMain] trationDelegate$BeanPostProcessorChecker : Bean 'cacheConfig' of type [com.alvis.exam.configuration.spring.cache.CacheConfig$$EnhancerBySpringCGLIB$$bc628ae9] is not eligible for getting processed by all BeanPostProcessors (for example: not eligible for auto-proxying)
2020-08-29 09:29:55.564  INFO 11644 --- [restartedMain] trationDelegate$BeanPostProcessorChecker : Bean 'org.springframework.transaction.annotation.ProxyTransactionManagementConfiguration' of type [org.springframework.transaction.annotation.ProxyTransactionManagementConfiguration$$EnhancerBySpringCGLIB$$543ed62c] is not eligible for getting processed by all BeanPostProcessors (for example: not eligible for auto-proxying)
2020-08-29 09:29:55.784  WARN 11644 --- [restartedMain] io.undertow.websockets.jsr               : UT026010: Buffer pool was not set on WebSocketDeploymentInfo, the default pool will be used
2020-08-29 09:29:55.800  INFO 11644 --- [restartedMain] io.undertow.servlet                      : Initializing Spring embedded WebApplicationContext
2020-08-29 09:29:55.800  INFO 11644 --- [restartedMain] o.s.web.context.ContextLoader            : Root WebApplicationContext: initialization completed in 1206 ms
2020-08-29 09:29:56.768  INFO 11644 --- [restartedMain] o.s.s.web.DefaultSecurityFilterChain     : Creating filter chain: any request, [org.springframework.security.web.context.request.async.WebAsyncManagerIntegrationFilter@324d6eb2, org.springframework.security.web.context.SecurityContextPersistenceFilter@24409ecd, org.springframework.security.web.header.HeaderWriterFilter@63f4f74e, org.springframework.web.filter.CorsFilter@7c516fca, org.springframework.security.web.authentication.logout.LogoutFilter@6e3ebb22, com.alvis.exam.configuration.spring.security.RestLoginAuthenticationFilter@504a8b47, org.springframework.security.web.authentication.UsernamePasswordAuthenticationFilter@5e5b7f6c, org.springframework.security.web.savedrequest.RequestCacheAwareFilter@2fe745f8, org.springframework.security.web.servletapi.SecurityContextHolderAwareRequestFilter@3042209f, org.springframework.security.web.authentication.rememberme.RememberMeAuthenticationFilter@2eb2b301, org.springframework.security.web.authentication.AnonymousAuthenticationFilter@547f7d9, org.springframework.security.web.session.SessionManagementFilter@389cbe2f, org.springframework.security.web.access.ExceptionTranslationFilter@3dc27514, org.springframework.security.web.access.intercept.FilterSecurityInterceptor@355cf79]
2020-08-29 09:29:57.114  INFO 11644 --- [restartedMain] io.lettuce.core.EpollProvider            : Starting without optional epoll library
2020-08-29 09:29:57.114  INFO 11644 --- [restartedMain] io.lettuce.core.KqueueProvider           : Starting without optional kqueue library
2020-08-29 09:29:57.528  INFO 11644 --- [restartedMain] o.s.b.d.a.OptionalLiveReloadServer       : LiveReload server is running on port 35729
2020-08-29 09:29:58.132  INFO 11644 --- [restartedMain] s.a.ScheduledAnnotationBeanPostProcessor : No TaskScheduler/ScheduledExecutorService bean found for scheduled processing
2020-08-29 09:29:58.148  INFO 11644 --- [restartedMain] org.xnio                                 : XNIO version 3.3.8.Final
2020-08-29 09:29:58.163  INFO 11644 --- [restartedMain] org.xnio.nio                             : XNIO NIO Implementation Version 3.3.8.Final
2020-08-29 09:29:58.195  INFO 11644 --- [restartedMain] o.s.b.w.e.u.UndertowServletWebServer     : Undertow started on port(s) 8000 (http) with context path ''
2020-08-29 09:29:58.195  INFO 11644 --- [restartedMain] com.alvis.exam.ExamApplication           : Started ExamApplication in 3.96 seconds (JVM running for 4.605)
2020-08-29 16:43:43.988  INFO 11708 --- [restartedMain] com.alvis.exam.ExamApplication           : Starting ExamApplication on LAPTOP-DA32CNEO with PID 11708 (E:\uexam_project\uexam\source\exam\source\exam\target\classes started by 10983 in E:\uexam_project\uexam\source\exam\source\exam)
2020-08-29 16:43:43.988  INFO 11708 --- [restartedMain] com.alvis.exam.ExamApplication           : The following profiles are active: dev
2020-08-29 16:43:44.034  INFO 11708 --- [restartedMain] .e.DevToolsPropertyDefaultsPostProcessor : Devtools property defaults active! Set 'spring.devtools.add-properties' to 'false' to disable
2020-08-29 16:43:44.034  INFO 11708 --- [restartedMain] .e.DevToolsPropertyDefaultsPostProcessor : For additional web related logging consider setting the 'logging.level.web' property to 'DEBUG'
2020-08-29 16:43:44.630  INFO 11708 --- [restartedMain] .s.d.r.c.RepositoryConfigurationDelegate : Multiple Spring Data modules found, entering strict repository configuration mode!
2020-08-29 16:43:44.630  INFO 11708 --- [restartedMain] .s.d.r.c.RepositoryConfigurationDelegate : Bootstrapping Spring Data repositories in DEFAULT mode.
2020-08-29 16:43:44.678  INFO 11708 --- [restartedMain] .s.d.r.c.RepositoryConfigurationDelegate : Finished Spring Data repository scanning in 31ms. Found 0 repository interfaces.
2020-08-29 16:43:44.978  INFO 11708 --- [restartedMain] trationDelegate$BeanPostProcessorChecker : Bean 'cacheConfig' of type [com.alvis.exam.configuration.spring.cache.CacheConfig$$EnhancerBySpringCGLIB$$8051f6ad] is not eligible for getting processed by all BeanPostProcessors (for example: not eligible for auto-proxying)
2020-08-29 16:43:44.978  INFO 11708 --- [restartedMain] trationDelegate$BeanPostProcessorChecker : Bean 'org.springframework.transaction.annotation.ProxyTransactionManagementConfiguration' of type [org.springframework.transaction.annotation.ProxyTransactionManagementConfiguration$$EnhancerBySpringCGLIB$$182e41f0] is not eligible for getting processed by all BeanPostProcessors (for example: not eligible for auto-proxying)
2020-08-29 16:43:45.197  WARN 11708 --- [restartedMain] io.undertow.websockets.jsr               : UT026010: Buffer pool was not set on WebSocketDeploymentInfo, the default pool will be used
2020-08-29 16:43:45.212  INFO 11708 --- [restartedMain] io.undertow.servlet                      : Initializing Spring embedded WebApplicationContext
2020-08-29 16:43:45.212  INFO 11708 --- [restartedMain] o.s.web.context.ContextLoader            : Root WebApplicationContext: initialization completed in 1178 ms
2020-08-29 16:43:46.146  INFO 11708 --- [restartedMain] o.s.s.web.DefaultSecurityFilterChain     : Creating filter chain: any request, [org.springframework.security.web.context.request.async.WebAsyncManagerIntegrationFilter@4a0c5a1c, org.springframework.security.web.context.SecurityContextPersistenceFilter@1408fed0, org.springframework.security.web.header.HeaderWriterFilter@43a75eda, org.springframework.web.filter.CorsFilter@73a12fa3, org.springframework.security.web.authentication.logout.LogoutFilter@711ca7ff, com.alvis.exam.configuration.spring.security.RestLoginAuthenticationFilter@46772b15, org.springframework.security.web.authentication.UsernamePasswordAuthenticationFilter@3e0eaf78, org.springframework.security.web.savedrequest.RequestCacheAwareFilter@1832a62d, org.springframework.security.web.servletapi.SecurityContextHolderAwareRequestFilter@4a2304c6, org.springframework.security.web.authentication.rememberme.RememberMeAuthenticationFilter@6ee40239, org.springframework.security.web.authentication.AnonymousAuthenticationFilter@5de04650, org.springframework.security.web.session.SessionManagementFilter@5ed3e3dc, org.springframework.security.web.access.ExceptionTranslationFilter@68b3991e, org.springframework.security.web.access.intercept.FilterSecurityInterceptor@14086e1a]
2020-08-29 16:43:46.475  INFO 11708 --- [restartedMain] io.lettuce.core.EpollProvider            : Starting without optional epoll library
2020-08-29 16:43:46.475  INFO 11708 --- [restartedMain] io.lettuce.core.KqueueProvider           : Starting without optional kqueue library
2020-08-29 16:43:46.834  INFO 11708 --- [restartedMain] o.s.b.d.a.OptionalLiveReloadServer       : LiveReload server is running on port 35729
2020-08-29 16:43:47.432  INFO 11708 --- [restartedMain] s.a.ScheduledAnnotationBeanPostProcessor : No TaskScheduler/ScheduledExecutorService bean found for scheduled processing
2020-08-29 16:43:47.448  INFO 11708 --- [restartedMain] org.xnio                                 : XNIO version 3.3.8.Final
2020-08-29 16:43:47.463  INFO 11708 --- [restartedMain] org.xnio.nio                             : XNIO NIO Implementation Version 3.3.8.Final
2020-08-29 16:43:47.494  INFO 11708 --- [restartedMain] o.s.b.w.e.u.UndertowServletWebServer     : Undertow started on port(s) 8000 (http) with context path ''
2020-08-29 16:43:47.494  INFO 11708 --- [restartedMain] com.alvis.exam.ExamApplication           : Started ExamApplication in 3.82 seconds (JVM running for 4.425)
2020-08-29 17:49:56.832  INFO 11708 --- [XNIO-1 task-1] io.undertow.servlet                      : Initializing Spring DispatcherServlet 'dispatcherServlet'
2020-08-29 17:49:56.833  INFO 11708 --- [XNIO-1 task-1] o.s.web.servlet.DispatcherServlet        : Initializing Servlet 'dispatcherServlet'
2020-08-29 17:49:56.843  INFO 11708 --- [XNIO-1 task-1] o.s.web.servlet.DispatcherServlet        : Completed initialization in 10 ms
2020-08-29 17:50:01.389  INFO 11708 --- [XNIO-1 task-57] com.zaxxer.hikari.HikariDataSource       : HikariPool-1 - Starting...
2020-08-29 17:50:01.501  INFO 11708 --- [XNIO-1 task-57] com.zaxxer.hikari.HikariDataSource       : HikariPool-1 - Start completed.
2020-08-29 17:50:01.505 DEBUG 11708 --- [XNIO-1 task-57] r.c.a.e.r.UserMapper.getUserByUserName   : ==>  Preparing: select id, user_uuid, user_name, password, real_name, age, sex, birth_day, user_level, phone, role, status, image_path, create_time, modify_time, last_active_time, deleted, wx_open_id from t_user where deleted=0 and user_name=? limit 1 
2020-08-29 17:50:01.522 DEBUG 11708 --- [XNIO-1 task-57] r.c.a.e.r.UserMapper.getUserByUserName   : ==> Parameters: admin(String)
2020-08-29 17:50:01.554 DEBUG 11708 --- [XNIO-1 task-57] r.c.a.e.r.UserMapper.getUserByUserName   : <==      Total: 1
2020-08-29 17:50:01.836 DEBUG 11708 --- [XNIO-1 task-57] r.c.a.e.r.U.insertSelective              : ==>  Preparing: insert into t_user_event_log ( user_id, user_name, real_name, content, create_time ) values ( ?, ?, ?, ?, ? ) 
2020-08-29 17:50:01.838 DEBUG 11708 --- [XNIO-1 task-57] r.c.a.e.r.U.insertSelective              : ==> Parameters: 2(Integer), admin(String), 管理员(String), admin 登录了学之思考试系统(String), 2020-08-29 17:50:01.822(Timestamp)
2020-08-29 17:50:01.848 DEBUG 11708 --- [XNIO-1 task-57] r.c.a.e.r.U.insertSelective              : <==    Updates: 1
2020-08-29 17:50:01.941 DEBUG 11708 --- [XNIO-1 task-58] r.c.a.e.r.E.selectAllCount               : ==>  Preparing: SELECT count(*) from t_exam_paper where deleted=0 
2020-08-29 17:50:01.942 DEBUG 11708 --- [XNIO-1 task-58] r.c.a.e.r.E.selectAllCount               : ==> Parameters: 
2020-08-29 17:50:01.949 DEBUG 11708 --- [XNIO-1 task-58] r.c.a.e.r.E.selectAllCount               : <==      Total: 1
2020-08-29 17:50:01.950 DEBUG 11708 --- [XNIO-1 task-58] r.c.a.e.r.QuestionMapper.selectAllCount  : ==>  Preparing: SELECT count(*) from t_question where deleted=0 
2020-08-29 17:50:01.950 DEBUG 11708 --- [XNIO-1 task-58] r.c.a.e.r.QuestionMapper.selectAllCount  : ==> Parameters: 
2020-08-29 17:50:01.953 DEBUG 11708 --- [XNIO-1 task-58] r.c.a.e.r.QuestionMapper.selectAllCount  : <==      Total: 1
2020-08-29 17:50:01.953 DEBUG 11708 --- [XNIO-1 task-58] r.c.a.e.r.E.selectAllCount               : ==>  Preparing: SELECT count(*) from t_exam_paper_answer 
2020-08-29 17:50:01.953 DEBUG 11708 --- [XNIO-1 task-58] r.c.a.e.r.E.selectAllCount               : ==> Parameters: 
2020-08-29 17:50:01.959 DEBUG 11708 --- [XNIO-1 task-58] r.c.a.e.r.E.selectAllCount               : <==      Total: 1
2020-08-29 17:50:01.960 DEBUG 11708 --- [XNIO-1 task-58] r.c.a.e.r.E.selectAllCount               : ==>  Preparing: SELECT count(*) from t_exam_paper_question_customer_answer 
2020-08-29 17:50:01.960 DEBUG 11708 --- [XNIO-1 task-58] r.c.a.e.r.E.selectAllCount               : ==> Parameters: 
2020-08-29 17:50:01.965 DEBUG 11708 --- [XNIO-1 task-58] r.c.a.e.r.E.selectAllCount               : <==      Total: 1
2020-08-29 17:50:01.968 DEBUG 11708 --- [XNIO-1 task-58] r.c.a.e.r.U.selectCountByDate            : ==>  Preparing: SELECT create_time as name,COUNT(create_time) as value from ( SELECT DATE_FORMAT(create_time,'%Y-%m-%d') as create_time from t_user_event_log WHERE create_time between ? and ? ) a GROUP BY create_time 
2020-08-29 17:50:01.969 DEBUG 11708 --- [XNIO-1 task-58] r.c.a.e.r.U.selectCountByDate            : ==> Parameters: 2020-08-01 00:00:00.0(Timestamp), 2020-08-31 23:59:59.0(Timestamp)
2020-08-29 17:50:01.972 DEBUG 11708 --- [XNIO-1 task-58] r.c.a.e.r.U.selectCountByDate            : <==      Total: 1
2020-08-29 17:50:01.976 DEBUG 11708 --- [XNIO-1 task-58] r.c.a.e.r.E.selectCountByDate            : ==>  Preparing: SELECT create_time as name,COUNT(create_time) as value from ( SELECT DATE_FORMAT(create_time,'%Y-%m-%d') as create_time from t_exam_paper_question_customer_answer WHERE create_time between ? and ? ) a GROUP BY create_time 
2020-08-29 17:50:01.976 DEBUG 11708 --- [XNIO-1 task-58] r.c.a.e.r.E.selectCountByDate            : ==> Parameters: 2020-08-01 00:00:00.0(Timestamp), 2020-08-31 23:59:59.0(Timestamp)
2020-08-29 17:50:01.977 DEBUG 11708 --- [XNIO-1 task-58] r.c.a.e.r.E.selectCountByDate            : <==      Total: 0
2020-08-29 17:50:10.189 DEBUG 11708 --- [XNIO-1 task-59] r.c.a.e.r.SubjectMapper.allSubject       : ==>  Preparing: select id, name, level, level_name, item_order, deleted from t_subject WHERE deleted=0 
2020-08-29 17:50:10.190 DEBUG 11708 --- [XNIO-1 task-59] r.c.a.e.r.SubjectMapper.allSubject       : ==> Parameters: 
2020-08-29 17:50:10.195 DEBUG 11708 --- [XNIO-1 task-59] r.c.a.e.r.SubjectMapper.allSubject       : <==      Total: 1
2020-08-29 18:43:15.764  WARN 11708 --- [HikariPool-1 housekeeper] com.zaxxer.hikari.pool.HikariPool        : HikariPool-1 - Thread starvation or clock leap detected (housekeeper delta=1m43s339ms529µs200ns).
2020-08-29 19:03:03.219  WARN 11708 --- [HikariPool-1 housekeeper] com.zaxxer.hikari.pool.HikariPool        : HikariPool-1 - Thread starvation or clock leap detected (housekeeper delta=47s155ms821µs100ns).
2020-08-29 19:22:17.467  WARN 11708 --- [HikariPool-1 housekeeper] com.zaxxer.hikari.pool.HikariPool        : HikariPool-1 - Thread starvation or clock leap detected (housekeeper delta=5m44s58ms24µs400ns).
2020-08-29 20:09:10.384  WARN 11708 --- [HikariPool-1 housekeeper] com.zaxxer.hikari.pool.HikariPool        : HikariPool-1 - Thread starvation or clock leap detected (housekeeper delta=30m22s622ms652µs400ns).
2020-08-29 21:27:55.341  WARN 11708 --- [HikariPool-1 housekeeper] com.zaxxer.hikari.pool.HikariPool        : HikariPool-1 - Thread starvation or clock leap detected (housekeeper delta=14m43s913ms116µs100ns).
2020-08-29 23:07:41.661  WARN 11708 --- [HikariPool-1 housekeeper] com.zaxxer.hikari.pool.HikariPool        : HikariPool-1 - Thread starvation or clock leap detected (housekeeper delta=1h30m16s169ms395µs300ns).
